Analysis & Synthesis report for DUT
Tue May 10 08:36:28 2022
Quartus Prime Version 20.1.1 Build 720 11/11/2020 SJ Lite Edition


---------------------
; Table of Contents ;
---------------------
  1. Legal Notice
  2. Analysis & Synthesis Summary
  3. Analysis & Synthesis Settings
  4. Parallel Compilation
  5. Analysis & Synthesis Source Files Read
  6. Analysis & Synthesis Resource Usage Summary
  7. Analysis & Synthesis Resource Utilization by Entity
  8. User-Specified and Inferred Latches
  9. General Register Statistics
 10. Multiplexer Restructuring Statistics (Restructuring Performed)
 11. Analysis & Synthesis Messages



----------------
; Legal Notice ;
----------------
Copyright (C) 2020  Intel Corporation. All rights reserved.
Your use of Intel Corporation's design tools, logic functions 
and other software and tools, and any partner logic 
functions, and any output files from any of the foregoing 
(including device programming or simulation files), and any 
associated documentation or information are expressly subject 
to the terms and conditions of the Intel Program License 
Subscription Agreement, the Intel Quartus Prime License Agreement,
the Intel FPGA IP License Agreement, or other applicable license
agreement, including, without limitation, that your use is for
the sole purpose of programming logic devices manufactured by
Intel and sold by Intel or its authorized distributors.  Please
refer to the applicable agreement for further details, at
https://fpgasoftware.intel.com/eula.



+---------------------------------------------------------------------------+
; Analysis & Synthesis Summary                                              ;
+-----------------------------+---------------------------------------------+
; Analysis & Synthesis Status ; Successful - Tue May 10 08:36:28 2022       ;
; Quartus Prime Version       ; 20.1.1 Build 720 11/11/2020 SJ Lite Edition ;
; Revision Name               ; DUT                                         ;
; Top-level Entity Name       ; controller                                  ;
; Family                      ; MAX V                                       ;
; Total logic elements        ; 153                                         ;
; Total pins                  ; 93                                          ;
; Total virtual pins          ; 0                                           ;
; UFM blocks                  ; 0 / 1 ( 0 % )                               ;
+-----------------------------+---------------------------------------------+


+------------------------------------------------------------------------------------------------------------+
; Analysis & Synthesis Settings                                                                              ;
+------------------------------------------------------------------+--------------------+--------------------+
; Option                                                           ; Setting            ; Default Value      ;
+------------------------------------------------------------------+--------------------+--------------------+
; Top-level entity name                                            ; controller         ; DUT                ;
; Family name                                                      ; MAX V              ; Cyclone V          ;
; Use smart compilation                                            ; Off                ; Off                ;
; Enable parallel Assembler and Timing Analyzer during compilation ; On                 ; On                 ;
; Enable compact report table                                      ; Off                ; Off                ;
; Restructure Multiplexers                                         ; Auto               ; Auto               ;
; Create Debugging Nodes for IP Cores                              ; Off                ; Off                ;
; Preserve fewer node names                                        ; On                 ; On                 ;
; Intel FPGA IP Evaluation Mode                                    ; Enable             ; Enable             ;
; Verilog Version                                                  ; Verilog_2001       ; Verilog_2001       ;
; VHDL Version                                                     ; VHDL_1993          ; VHDL_1993          ;
; State Machine Processing                                         ; Auto               ; Auto               ;
; Safe State Machine                                               ; Off                ; Off                ;
; Extract Verilog State Machines                                   ; On                 ; On                 ;
; Extract VHDL State Machines                                      ; On                 ; On                 ;
; Ignore Verilog initial constructs                                ; Off                ; Off                ;
; Iteration limit for constant Verilog loops                       ; 5000               ; 5000               ;
; Iteration limit for non-constant Verilog loops                   ; 250                ; 250                ;
; Add Pass-Through Logic to Inferred RAMs                          ; On                 ; On                 ;
; Infer RAMs from Raw Logic                                        ; On                 ; On                 ;
; Parallel Synthesis                                               ; On                 ; On                 ;
; NOT Gate Push-Back                                               ; On                 ; On                 ;
; Power-Up Don't Care                                              ; On                 ; On                 ;
; Remove Redundant Logic Cells                                     ; Off                ; Off                ;
; Remove Duplicate Registers                                       ; On                 ; On                 ;
; Ignore CARRY Buffers                                             ; Off                ; Off                ;
; Ignore CASCADE Buffers                                           ; Off                ; Off                ;
; Ignore GLOBAL Buffers                                            ; Off                ; Off                ;
; Ignore ROW GLOBAL Buffers                                        ; Off                ; Off                ;
; Ignore LCELL Buffers                                             ; Off                ; Off                ;
; Ignore SOFT Buffers                                              ; On                 ; On                 ;
; Limit AHDL Integers to 32 Bits                                   ; Off                ; Off                ;
; Optimization Technique                                           ; Balanced           ; Balanced           ;
; Carry Chain Length                                               ; 70                 ; 70                 ;
; Auto Carry Chains                                                ; On                 ; On                 ;
; Auto Open-Drain Pins                                             ; On                 ; On                 ;
; Perform WYSIWYG Primitive Resynthesis                            ; Off                ; Off                ;
; Auto Shift Register Replacement                                  ; Auto               ; Auto               ;
; Allow Shift Register Merging across Hierarchies                  ; Auto               ; Auto               ;
; Auto Clock Enable Replacement                                    ; On                 ; On                 ;
; Allow Synchronous Control Signals                                ; On                 ; On                 ;
; Force Use of Synchronous Clear Signals                           ; Off                ; Off                ;
; Auto Resource Sharing                                            ; Off                ; Off                ;
; Use LogicLock Constraints during Resource Balancing              ; On                 ; On                 ;
; Ignore translate_off and synthesis_off directives                ; Off                ; Off                ;
; Report Parameter Settings                                        ; On                 ; On                 ;
; Report Source Assignments                                        ; On                 ; On                 ;
; Report Connectivity Checks                                       ; On                 ; On                 ;
; Ignore Maximum Fan-Out Assignments                               ; Off                ; Off                ;
; Synchronization Register Chain Length                            ; 2                  ; 2                  ;
; Power Optimization During Synthesis                              ; Normal compilation ; Normal compilation ;
; HDL message level                                                ; Level2             ; Level2             ;
; Suppress Register Optimization Related Messages                  ; Off                ; Off                ;
; Number of Removed Registers Reported in Synthesis Report         ; 5000               ; 5000               ;
; Number of Swept Nodes Reported in Synthesis Report               ; 5000               ; 5000               ;
; Number of Inverted Registers Reported in Synthesis Report        ; 100                ; 100                ;
; Clock MUX Protection                                             ; On                 ; On                 ;
; Block Design Naming                                              ; Auto               ; Auto               ;
; Synthesis Effort                                                 ; Auto               ; Auto               ;
; Shift Register Replacement - Allow Asynchronous Clear Signal     ; On                 ; On                 ;
; Analysis & Synthesis Message Level                               ; Medium             ; Medium             ;
; Disable Register Merging Across Hierarchies                      ; Auto               ; Auto               ;
+------------------------------------------------------------------+--------------------+--------------------+


+------------------------------------------+
; Parallel Compilation                     ;
+----------------------------+-------------+
; Processors                 ; Number      ;
+----------------------------+-------------+
; Number detected on machine ; 8           ;
; Maximum allowed            ; 4           ;
;                            ;             ;
; Average used               ; 1.00        ;
; Maximum used               ; 1           ;
;                            ;             ;
; Usage by Processor         ; % Time Used ;
;     Processor 1            ; 100.0%      ;
+----------------------------+-------------+


+----------------------------------------------------------------------------------------------------------------------------------------------------------------------------------------------------+
; Analysis & Synthesis Source Files Read                                                                                                                                                             ;
+----------------------------------+-----------------+-----------------+-------------------------------------------------------------------------------------------------------------------+---------+
; File Name with User-Entered Path ; Used in Netlist ; File Type       ; File Name with Absolute Path                                                                                      ; Library ;
+----------------------------------+-----------------+-----------------+-------------------------------------------------------------------------------------------------------------------+---------+
; controller.vhd                   ; yes             ; User VHDL File  ; C:/Users/Neeraj Prabhu/Desktop/IITB/Semester 4/EE 309/IITB-RISC/IITB-RISC-22/Pipelining/Controller/controller.vhd ;         ;
+----------------------------------+-----------------+-----------------+-------------------------------------------------------------------------------------------------------------------+---------+


+-------------------------------------------------------------------+
; Analysis & Synthesis Resource Usage Summary                       ;
+---------------------------------------------+---------------------+
; Resource                                    ; Usage               ;
+---------------------------------------------+---------------------+
; Total logic elements                        ; 153                 ;
;     -- Combinational with no register       ; 121                 ;
;     -- Register only                        ; 30                  ;
;     -- Combinational with a register        ; 2                   ;
;                                             ;                     ;
; Logic element usage by number of LUT inputs ;                     ;
;     -- 4 input functions                    ; 55                  ;
;     -- 3 input functions                    ; 22                  ;
;     -- 2 input functions                    ; 45                  ;
;     -- 1 input functions                    ; 1                   ;
;     -- 0 input functions                    ; 0                   ;
;                                             ;                     ;
; Logic elements by mode                      ;                     ;
;     -- normal mode                          ; 122                 ;
;     -- arithmetic mode                      ; 31                  ;
;     -- qfbk mode                            ; 0                   ;
;     -- register cascade mode                ; 0                   ;
;     -- synchronous clear/load mode          ; 0                   ;
;     -- asynchronous clear/load mode         ; 0                   ;
;                                             ;                     ;
; Total registers                             ; 32                  ;
; Total logic cells in carry chains           ; 32                  ;
; I/O pins                                    ; 93                  ;
; Maximum fan-out node                        ; select_Mux_DMem_A~2 ;
; Maximum fan-out                             ; 42                  ;
; Total fan-out                               ; 509                 ;
; Average fan-out                             ; 2.07                ;
+---------------------------------------------+---------------------+


+------------------------------------------------------------------------------------------------------------------------------------------------------------------------------------------------------------------------------------+
; Analysis & Synthesis Resource Utilization by Entity                                                                                                                                                                                ;
+----------------------------+-------------+--------------+------------+------+--------------+--------------+-------------------+------------------+-----------------+------------+---------------------+-------------+--------------+
; Compilation Hierarchy Node ; Logic Cells ; LC Registers ; UFM Blocks ; Pins ; Virtual Pins ; LUT-Only LCs ; Register-Only LCs ; LUT/Register LCs ; Carry Chain LCs ; Packed LCs ; Full Hierarchy Name ; Entity Name ; Library Name ;
+----------------------------+-------------+--------------+------------+------+--------------+--------------+-------------------+------------------+-----------------+------------+---------------------+-------------+--------------+
; |controller                ; 153 (153)   ; 32           ; 0          ; 93   ; 0            ; 121 (121)    ; 30 (30)           ; 2 (2)            ; 32 (32)         ; 0 (0)      ; |controller         ; controller  ; work         ;
+----------------------------+-------------+--------------+------------+------+--------------+--------------+-------------------+------------------+-----------------+------------+---------------------+-------------+--------------+
Note: For table entries with two numbers listed, the numbers in parentheses indicate the number of resources of the given type used by the specific entity alone. The numbers listed outside of parentheses indicate the total resources of the given type used by the specific entity and all of its sub-entities in the hierarchy.


+---------------------------------------------------------------------------------------------------+
; User-Specified and Inferred Latches                                                               ;
+----------------------------------------------------+---------------------+------------------------+
; Latch Name                                         ; Latch Enable Signal ; Free of Timing Hazards ;
+----------------------------------------------------+---------------------+------------------------+
; wr_IFID$latch                                      ; wr_IFID             ; yes                    ;
; wr_IDRR$latch                                      ; wr_IFID             ; yes                    ;
; wr_RREX$latch                                      ; wr_RREX             ; yes                    ;
; wr_EXMEM$latch                                     ; wr_EXMEM            ; yes                    ;
; Number of user-specified and inferred latches = 4  ;                     ;                        ;
+----------------------------------------------------+---------------------+------------------------+
Note: All latches listed above may not be present at the end of synthesis due to various synthesis optimizations.


+------------------------------------------------------+
; General Register Statistics                          ;
+----------------------------------------------+-------+
; Statistic                                    ; Value ;
+----------------------------------------------+-------+
; Total registers                              ; 32    ;
; Number of registers using Synchronous Clear  ; 0     ;
; Number of registers using Synchronous Load   ; 0     ;
; Number of registers using Asynchronous Clear ; 0     ;
; Number of registers using Asynchronous Load  ; 0     ;
; Number of registers using Clock Enable       ; 32    ;
; Number of registers using Preset             ; 0     ;
+----------------------------------------------+-------+


+------------------------------------------------------------------------------------------------------------------------------------------+
; Multiplexer Restructuring Statistics (Restructuring Performed)                                                                           ;
+--------------------+-----------+---------------+----------------------+------------------------+------------+----------------------------+
; Multiplexer Inputs ; Bus Width ; Baseline Area ; Area if Restructured ; Saving if Restructured ; Registered ; Example Multiplexer Output ;
+--------------------+-----------+---------------+----------------------+------------------------+------------+----------------------------+
; 9:1                ; 3 bits    ; 18 LEs        ; 3 LEs                ; 15 LEs                 ; No         ; |controller|dec            ;
+--------------------+-----------+---------------+----------------------+------------------------+------------+----------------------------+


+-------------------------------+
; Analysis & Synthesis Messages ;
+-------------------------------+
Info: *******************************************************************
Info: Running Quartus Prime Analysis & Synthesis
    Info: Version 20.1.1 Build 720 11/11/2020 SJ Lite Edition
    Info: Processing started: Tue May 10 08:36:15 2022
Info: Command: quartus_map --read_settings_files=on --write_settings_files=off control -c DUT
Warning (18236): Number of processors has not been specified which may cause overloading on shared machines.  Set the global assignment NUM_PARALLEL_PROCESSORS in your QSF to an appropriate value for best performance.
Info (20030): Parallel compilation is enabled and will use 4 of the 4 processors detected
Info (12021): Found 2 design units, including 1 entities, in source file controller.vhd
    Info (12022): Found design unit 1: controller-arch File: C:/Users/Neeraj Prabhu/Desktop/IITB/Semester 4/EE 309/IITB-RISC/IITB-RISC-22/Pipelining/Controller/controller.vhd Line: 26
    Info (12023): Found entity 1: controller File: C:/Users/Neeraj Prabhu/Desktop/IITB/Semester 4/EE 309/IITB-RISC/IITB-RISC-22/Pipelining/Controller/controller.vhd Line: 6
Info (12127): Elaborating entity "controller" for the top level hierarchy
Warning (10541): VHDL Signal Declaration warning at controller.vhd(17): used implicit default value for signal "clr_EXMEM" because signal was never assigned a value or an explicit default value. Use of implicit default value may introduce unintended design optimizations. File: C:/Users/Neeraj Prabhu/Desktop/IITB/Semester 4/EE 309/IITB-RISC/IITB-RISC-22/Pipelining/Controller/controller.vhd Line: 17
Warning (10541): VHDL Signal Declaration warning at controller.vhd(17): used implicit default value for signal "clr_MEMWB" because signal was never assigned a value or an explicit default value. Use of implicit default value may introduce unintended design optimizations. File: C:/Users/Neeraj Prabhu/Desktop/IITB/Semester 4/EE 309/IITB-RISC/IITB-RISC-22/Pipelining/Controller/controller.vhd Line: 17
Warning (10492): VHDL Process Statement warning at controller.vhd(360): signal "IDRR_11_9" is read inside the Process Statement but isn't in the Process Statement's sensitivity list File: C:/Users/Neeraj Prabhu/Desktop/IITB/Semester 4/EE 309/IITB-RISC/IITB-RISC-22/Pipelining/Controller/controller.vhd Line: 360
Warning (10492): VHDL Process Statement warning at controller.vhd(360): signal "RREX_11_9" is read inside the Process Statement but isn't in the Process Statement's sensitivity list File: C:/Users/Neeraj Prabhu/Desktop/IITB/Semester 4/EE 309/IITB-RISC/IITB-RISC-22/Pipelining/Controller/controller.vhd Line: 360
Warning (10492): VHDL Process Statement warning at controller.vhd(360): signal "IDRR_8_6" is read inside the Process Statement but isn't in the Process Statement's sensitivity list File: C:/Users/Neeraj Prabhu/Desktop/IITB/Semester 4/EE 309/IITB-RISC/IITB-RISC-22/Pipelining/Controller/controller.vhd Line: 360
Warning (10631): VHDL Process Statement warning at controller.vhd(32): inferring latch(es) for signal or variable "wr_IFID", which holds its previous value in one or more paths through the process File: C:/Users/Neeraj Prabhu/Desktop/IITB/Semester 4/EE 309/IITB-RISC/IITB-RISC-22/Pipelining/Controller/controller.vhd Line: 32
Warning (10631): VHDL Process Statement warning at controller.vhd(32): inferring latch(es) for signal or variable "wr_IDRR", which holds its previous value in one or more paths through the process File: C:/Users/Neeraj Prabhu/Desktop/IITB/Semester 4/EE 309/IITB-RISC/IITB-RISC-22/Pipelining/Controller/controller.vhd Line: 32
Warning (10631): VHDL Process Statement warning at controller.vhd(32): inferring latch(es) for signal or variable "wr_RREX", which holds its previous value in one or more paths through the process File: C:/Users/Neeraj Prabhu/Desktop/IITB/Semester 4/EE 309/IITB-RISC/IITB-RISC-22/Pipelining/Controller/controller.vhd Line: 32
Warning (10631): VHDL Process Statement warning at controller.vhd(32): inferring latch(es) for signal or variable "wr_EXMEM", which holds its previous value in one or more paths through the process File: C:/Users/Neeraj Prabhu/Desktop/IITB/Semester 4/EE 309/IITB-RISC/IITB-RISC-22/Pipelining/Controller/controller.vhd Line: 32
Warning (10631): VHDL Process Statement warning at controller.vhd(32): inferring latch(es) for signal or variable "wr_MEMWB", which holds its previous value in one or more paths through the process File: C:/Users/Neeraj Prabhu/Desktop/IITB/Semester 4/EE 309/IITB-RISC/IITB-RISC-22/Pipelining/Controller/controller.vhd Line: 32
Warning (10631): VHDL Process Statement warning at controller.vhd(32): inferring latch(es) for signal or variable "clr_IFID", which holds its previous value in one or more paths through the process File: C:/Users/Neeraj Prabhu/Desktop/IITB/Semester 4/EE 309/IITB-RISC/IITB-RISC-22/Pipelining/Controller/controller.vhd Line: 32
Warning (10631): VHDL Process Statement warning at controller.vhd(32): inferring latch(es) for signal or variable "clr_IDRR", which holds its previous value in one or more paths through the process File: C:/Users/Neeraj Prabhu/Desktop/IITB/Semester 4/EE 309/IITB-RISC/IITB-RISC-22/Pipelining/Controller/controller.vhd Line: 32
Warning (10631): VHDL Process Statement warning at controller.vhd(32): inferring latch(es) for signal or variable "clr_RREX", which holds its previous value in one or more paths through the process File: C:/Users/Neeraj Prabhu/Desktop/IITB/Semester 4/EE 309/IITB-RISC/IITB-RISC-22/Pipelining/Controller/controller.vhd Line: 32
Info (10041): Inferred latch for "clr_RREX" at controller.vhd(32) File: C:/Users/Neeraj Prabhu/Desktop/IITB/Semester 4/EE 309/IITB-RISC/IITB-RISC-22/Pipelining/Controller/controller.vhd Line: 32
Info (10041): Inferred latch for "clr_IDRR" at controller.vhd(32) File: C:/Users/Neeraj Prabhu/Desktop/IITB/Semester 4/EE 309/IITB-RISC/IITB-RISC-22/Pipelining/Controller/controller.vhd Line: 32
Info (10041): Inferred latch for "clr_IFID" at controller.vhd(32) File: C:/Users/Neeraj Prabhu/Desktop/IITB/Semester 4/EE 309/IITB-RISC/IITB-RISC-22/Pipelining/Controller/controller.vhd Line: 32
Info (10041): Inferred latch for "wr_MEMWB" at controller.vhd(32) File: C:/Users/Neeraj Prabhu/Desktop/IITB/Semester 4/EE 309/IITB-RISC/IITB-RISC-22/Pipelining/Controller/controller.vhd Line: 32
Info (10041): Inferred latch for "wr_EXMEM" at controller.vhd(32) File: C:/Users/Neeraj Prabhu/Desktop/IITB/Semester 4/EE 309/IITB-RISC/IITB-RISC-22/Pipelining/Controller/controller.vhd Line: 32
Info (10041): Inferred latch for "wr_RREX" at controller.vhd(32) File: C:/Users/Neeraj Prabhu/Desktop/IITB/Semester 4/EE 309/IITB-RISC/IITB-RISC-22/Pipelining/Controller/controller.vhd Line: 32
Info (10041): Inferred latch for "wr_IDRR" at controller.vhd(32) File: C:/Users/Neeraj Prabhu/Desktop/IITB/Semester 4/EE 309/IITB-RISC/IITB-RISC-22/Pipelining/Controller/controller.vhd Line: 32
Info (10041): Inferred latch for "wr_IFID" at controller.vhd(32) File: C:/Users/Neeraj Prabhu/Desktop/IITB/Semester 4/EE 309/IITB-RISC/IITB-RISC-22/Pipelining/Controller/controller.vhd Line: 32
Info (13025): Duplicate LATCH primitives merged into single LATCH primitive
    Info (13026): Duplicate LATCH primitive "wr_IDRR$latch" merged with LATCH primitive "wr_IFID$latch" File: C:/Users/Neeraj Prabhu/Desktop/IITB/Semester 4/EE 309/IITB-RISC/IITB-RISC-22/Pipelining/Controller/controller.vhd Line: 32
Warning (13012): Latch wr_IFID$latch has unsafe behavior File: C:/Users/Neeraj Prabhu/Desktop/IITB/Semester 4/EE 309/IITB-RISC/IITB-RISC-22/Pipelining/Controller/controller.vhd Line: 32
    Warning (13013): Ports D and ENA on the latch are fed by the same signal RREX_opcode_Op[0] File: C:/Users/Neeraj Prabhu/Desktop/IITB/Semester 4/EE 309/IITB-RISC/IITB-RISC-22/Pipelining/Controller/controller.vhd Line: 8
    Warning (13013): Ports ENA and PRE on the latch are fed by the same signal haz_EX File: C:/Users/Neeraj Prabhu/Desktop/IITB/Semester 4/EE 309/IITB-RISC/IITB-RISC-22/Pipelining/Controller/controller.vhd Line: 11
Warning (13012): Latch wr_RREX$latch has unsafe behavior File: C:/Users/Neeraj Prabhu/Desktop/IITB/Semester 4/EE 309/IITB-RISC/IITB-RISC-22/Pipelining/Controller/controller.vhd Line: 32
    Warning (13013): Ports D and ENA on the latch are fed by the same signal IDRR_opcode_Op[2] File: C:/Users/Neeraj Prabhu/Desktop/IITB/Semester 4/EE 309/IITB-RISC/IITB-RISC-22/Pipelining/Controller/controller.vhd Line: 8
Warning (13012): Latch wr_EXMEM$latch has unsafe behavior File: C:/Users/Neeraj Prabhu/Desktop/IITB/Semester 4/EE 309/IITB-RISC/IITB-RISC-22/Pipelining/Controller/controller.vhd Line: 32
    Warning (13013): Ports D and ENA on the latch are fed by the same signal RREX_opcode_Op[2] File: C:/Users/Neeraj Prabhu/Desktop/IITB/Semester 4/EE 309/IITB-RISC/IITB-RISC-22/Pipelining/Controller/controller.vhd Line: 8
Warning (13024): Output pins are stuck at VCC or GND
    Warning (13410): Pin "wr_MEMWB" is stuck at VCC File: C:/Users/Neeraj Prabhu/Desktop/IITB/Semester 4/EE 309/IITB-RISC/IITB-RISC-22/Pipelining/Controller/controller.vhd Line: 16
    Warning (13410): Pin "clr_IFID" is stuck at VCC File: C:/Users/Neeraj Prabhu/Desktop/IITB/Semester 4/EE 309/IITB-RISC/IITB-RISC-22/Pipelining/Controller/controller.vhd Line: 17
    Warning (13410): Pin "clr_IDRR" is stuck at VCC File: C:/Users/Neeraj Prabhu/Desktop/IITB/Semester 4/EE 309/IITB-RISC/IITB-RISC-22/Pipelining/Controller/controller.vhd Line: 17
    Warning (13410): Pin "clr_RREX" is stuck at VCC File: C:/Users/Neeraj Prabhu/Desktop/IITB/Semester 4/EE 309/IITB-RISC/IITB-RISC-22/Pipelining/Controller/controller.vhd Line: 17
    Warning (13410): Pin "clr_EXMEM" is stuck at GND File: C:/Users/Neeraj Prabhu/Desktop/IITB/Semester 4/EE 309/IITB-RISC/IITB-RISC-22/Pipelining/Controller/controller.vhd Line: 17
    Warning (13410): Pin "clr_MEMWB" is stuck at GND File: C:/Users/Neeraj Prabhu/Desktop/IITB/Semester 4/EE 309/IITB-RISC/IITB-RISC-22/Pipelining/Controller/controller.vhd Line: 17
    Warning (13410): Pin "select_Mux_RF_D3[2]" is stuck at GND File: C:/Users/Neeraj Prabhu/Desktop/IITB/Semester 4/EE 309/IITB-RISC/IITB-RISC-22/Pipelining/Controller/controller.vhd Line: 18
    Warning (13410): Pin "select_ALU2[1]" is stuck at GND File: C:/Users/Neeraj Prabhu/Desktop/IITB/Semester 4/EE 309/IITB-RISC/IITB-RISC-22/Pipelining/Controller/controller.vhd Line: 19
Warning (21074): Design contains 6 input pin(s) that do not drive logic
    Warning (15610): No output dependent on input pin "IDRR_5_0_Op[3]" File: C:/Users/Neeraj Prabhu/Desktop/IITB/Semester 4/EE 309/IITB-RISC/IITB-RISC-22/Pipelining/Controller/controller.vhd Line: 12
    Warning (15610): No output dependent on input pin "IDRR_5_0_Op[4]" File: C:/Users/Neeraj Prabhu/Desktop/IITB/Semester 4/EE 309/IITB-RISC/IITB-RISC-22/Pipelining/Controller/controller.vhd Line: 12
    Warning (15610): No output dependent on input pin "IDRR_5_0_Op[5]" File: C:/Users/Neeraj Prabhu/Desktop/IITB/Semester 4/EE 309/IITB-RISC/IITB-RISC-22/Pipelining/Controller/controller.vhd Line: 12
    Warning (15610): No output dependent on input pin "RREX_5_0_Op[3]" File: C:/Users/Neeraj Prabhu/Desktop/IITB/Semester 4/EE 309/IITB-RISC/IITB-RISC-22/Pipelining/Controller/controller.vhd Line: 12
    Warning (15610): No output dependent on input pin "RREX_5_0_Op[4]" File: C:/Users/Neeraj Prabhu/Desktop/IITB/Semester 4/EE 309/IITB-RISC/IITB-RISC-22/Pipelining/Controller/controller.vhd Line: 12
    Warning (15610): No output dependent on input pin "RREX_5_0_Op[5]" File: C:/Users/Neeraj Prabhu/Desktop/IITB/Semester 4/EE 309/IITB-RISC/IITB-RISC-22/Pipelining/Controller/controller.vhd Line: 12
Info (21057): Implemented 246 device resources after synthesis - the final resource count might be different
    Info (21058): Implemented 47 input pins
    Info (21059): Implemented 46 output pins
    Info (21061): Implemented 153 logic cells
Info: Quartus Prime Analysis & Synthesis was successful. 0 errors, 37 warnings
    Info: Peak virtual memory: 4758 megabytes
    Info: Processing ended: Tue May 10 08:36:28 2022
    Info: Elapsed time: 00:00:13
    Info: Total CPU time (on all processors): 00:00:29


