Assembler report for DUT
Tue May 10 09:55:18 2022
Quartus Prime Version 20.1.1 Build 720 11/11/2020 SJ Lite Edition


---------------------
; Table of Contents ;
---------------------
  1. Legal Notice
  2. Assembler Summary
  3. Assembler Settings
  4. Assembler Generated Files
  5. Assembler Device Options: C:/Users/Neeraj Prabhu/Desktop/IITB/Semester 4/EE 309/IITB-RISC/IITB-RISC-22/Pipelining/Datapath/output_files/DUT.pof
  6. Assembler Messages



----------------
; Legal Notice ;
----------------
Copyright (C) 2020  Intel Corporation. All rights reserved.
Your use of Intel Corporation's design tools, logic functions 
and other software and tools, and any partner logic 
functions, and any output files from any of the foregoing 
(including device programming or simulation files), and any 
associated documentation or information are expressly subject 
to the terms and conditions of the Intel Program License 
Subscription Agreement, the Intel Quartus Prime License Agreement,
the Intel FPGA IP License Agreement, or other applicable license
agreement, including, without limitation, that your use is for
the sole purpose of programming logic devices manufactured by
Intel and sold by Intel or its authorized distributors.  Please
refer to the applicable agreement for further details, at
https://fpgasoftware.intel.com/eula.



+---------------------------------------------------------------+
; Assembler Summary                                             ;
+-----------------------+---------------------------------------+
; Assembler Status      ; Successful - Tue May 10 09:55:18 2022 ;
; Revision Name         ; DUT                                   ;
; Top-level Entity Name ; datapath                              ;
; Family                ; MAX V                                 ;
; Device                ; 5M2210ZF256C4                         ;
+-----------------------+---------------------------------------+


+----------------------------------+
; Assembler Settings               ;
+--------+---------+---------------+
; Option ; Setting ; Default Value ;
+--------+---------+---------------+


+-----------------------------------------------------------------------------------------------------------------------+
; Assembler Generated Files                                                                                             ;
+-----------------------------------------------------------------------------------------------------------------------+
; File Name                                                                                                             ;
+-----------------------------------------------------------------------------------------------------------------------+
; C:/Users/Neeraj Prabhu/Desktop/IITB/Semester 4/EE 309/IITB-RISC/IITB-RISC-22/Pipelining/Datapath/output_files/DUT.pof ;
+-----------------------------------------------------------------------------------------------------------------------+


+-------------------------------------------------------------------------------------------------------------------------------------------------+
; Assembler Device Options: C:/Users/Neeraj Prabhu/Desktop/IITB/Semester 4/EE 309/IITB-RISC/IITB-RISC-22/Pipelining/Datapath/output_files/DUT.pof ;
+----------------+--------------------------------------------------------------------------------------------------------------------------------+
; Option         ; Setting                                                                                                                        ;
+----------------+--------------------------------------------------------------------------------------------------------------------------------+
; JTAG usercode  ; 0x008A38F2                                                                                                                     ;
; Checksum       ; 0x008A390E                                                                                                                     ;
+----------------+--------------------------------------------------------------------------------------------------------------------------------+


+--------------------+
; Assembler Messages ;
+--------------------+
Info: *******************************************************************
Info: Running Quartus Prime Assembler
    Info: Version 20.1.1 Build 720 11/11/2020 SJ Lite Edition
    Info: Processing started: Tue May 10 09:55:18 2022
Info: Command: quartus_asm --read_settings_files=off --write_settings_files=off datapath -c DUT
Warning (18236): Number of processors has not been specified which may cause overloading on shared machines.  Set the global assignment NUM_PARALLEL_PROCESSORS in your QSF to an appropriate value for best performance.
Info (115031): Writing out detailed assembly data for power analysis
Info (115030): Assembler is generating device programming files
Info: Quartus Prime Assembler was successful. 0 errors, 1 warning
    Info: Peak virtual memory: 4668 megabytes
    Info: Processing ended: Tue May 10 09:55:18 2022
    Info: Elapsed time: 00:00:00
    Info: Total CPU time (on all processors): 00:00:01


