Analysis & Synthesis report for DUT
Sat Apr 16 21:33:47 2022
Quartus Prime Version 20.1.1 Build 720 11/11/2020 SJ Lite Edition


---------------------
; Table of Contents ;
---------------------
  1. Legal Notice
  2. Analysis & Synthesis Summary
  3. Analysis & Synthesis Settings
  4. Parallel Compilation
  5. Analysis & Synthesis Source Files Read
  6. Analysis & Synthesis Resource Usage Summary
  7. Analysis & Synthesis Resource Utilization by Entity
  8. User-Specified and Inferred Latches
  9. General Register Statistics
 10. Multiplexer Restructuring Statistics (Restructuring Performed)
 11. Port Connectivity Checks: "mux41:Mux_T2"
 12. Port Connectivity Checks: "mux81:Mux_RF_D3"
 13. Port Connectivity Checks: "mux81_3:Mux_RF_A3"
 14. Port Connectivity Checks: "mux41_3:Mux_RF_A1"
 15. Analysis & Synthesis Messages



----------------
; Legal Notice ;
----------------
Copyright (C) 2020  Intel Corporation. All rights reserved.
Your use of Intel Corporation's design tools, logic functions 
and other software and tools, and any partner logic 
functions, and any output files from any of the foregoing 
(including device programming or simulation files), and any 
associated documentation or information are expressly subject 
to the terms and conditions of the Intel Program License 
Subscription Agreement, the Intel Quartus Prime License Agreement,
the Intel FPGA IP License Agreement, or other applicable license
agreement, including, without limitation, that your use is for
the sole purpose of programming logic devices manufactured by
Intel and sold by Intel or its authorized distributors.  Please
refer to the applicable agreement for further details, at
https://fpgasoftware.intel.com/eula.



+---------------------------------------------------------------------------+
; Analysis & Synthesis Summary                                              ;
+-----------------------------+---------------------------------------------+
; Analysis & Synthesis Status ; Successful - Sat Apr 16 21:33:47 2022       ;
; Quartus Prime Version       ; 20.1.1 Build 720 11/11/2020 SJ Lite Edition ;
; Revision Name               ; DUT                                         ;
; Top-level Entity Name       ; datapath                                    ;
; Family                      ; MAX V                                       ;
; Total logic elements        ; 2,427                                       ;
; Total pins                  ; 50                                          ;
; Total virtual pins          ; 0                                           ;
; UFM blocks                  ; 0 / 1 ( 0 % )                               ;
+-----------------------------+---------------------------------------------+


+------------------------------------------------------------------------------------------------------------+
; Analysis & Synthesis Settings                                                                              ;
+------------------------------------------------------------------+--------------------+--------------------+
; Option                                                           ; Setting            ; Default Value      ;
+------------------------------------------------------------------+--------------------+--------------------+
; Top-level entity name                                            ; datapath           ; DUT                ;
; Family name                                                      ; MAX V              ; Cyclone V          ;
; Use smart compilation                                            ; Off                ; Off                ;
; Enable parallel Assembler and Timing Analyzer during compilation ; On                 ; On                 ;
; Enable compact report table                                      ; Off                ; Off                ;
; Restructure Multiplexers                                         ; Auto               ; Auto               ;
; Create Debugging Nodes for IP Cores                              ; Off                ; Off                ;
; Preserve fewer node names                                        ; On                 ; On                 ;
; Intel FPGA IP Evaluation Mode                                    ; Enable             ; Enable             ;
; Verilog Version                                                  ; Verilog_2001       ; Verilog_2001       ;
; VHDL Version                                                     ; VHDL_1993          ; VHDL_1993          ;
; State Machine Processing                                         ; Auto               ; Auto               ;
; Safe State Machine                                               ; Off                ; Off                ;
; Extract Verilog State Machines                                   ; On                 ; On                 ;
; Extract VHDL State Machines                                      ; On                 ; On                 ;
; Ignore Verilog initial constructs                                ; Off                ; Off                ;
; Iteration limit for constant Verilog loops                       ; 5000               ; 5000               ;
; Iteration limit for non-constant Verilog loops                   ; 250                ; 250                ;
; Add Pass-Through Logic to Inferred RAMs                          ; On                 ; On                 ;
; Infer RAMs from Raw Logic                                        ; On                 ; On                 ;
; Parallel Synthesis                                               ; On                 ; On                 ;
; NOT Gate Push-Back                                               ; On                 ; On                 ;
; Power-Up Don't Care                                              ; On                 ; On                 ;
; Remove Redundant Logic Cells                                     ; Off                ; Off                ;
; Remove Duplicate Registers                                       ; On                 ; On                 ;
; Ignore CARRY Buffers                                             ; Off                ; Off                ;
; Ignore CASCADE Buffers                                           ; Off                ; Off                ;
; Ignore GLOBAL Buffers                                            ; Off                ; Off                ;
; Ignore ROW GLOBAL Buffers                                        ; Off                ; Off                ;
; Ignore LCELL Buffers                                             ; Off                ; Off                ;
; Ignore SOFT Buffers                                              ; On                 ; On                 ;
; Limit AHDL Integers to 32 Bits                                   ; Off                ; Off                ;
; Optimization Technique                                           ; Balanced           ; Balanced           ;
; Carry Chain Length                                               ; 70                 ; 70                 ;
; Auto Carry Chains                                                ; On                 ; On                 ;
; Auto Open-Drain Pins                                             ; On                 ; On                 ;
; Perform WYSIWYG Primitive Resynthesis                            ; Off                ; Off                ;
; Auto Shift Register Replacement                                  ; Auto               ; Auto               ;
; Allow Shift Register Merging across Hierarchies                  ; Auto               ; Auto               ;
; Auto Clock Enable Replacement                                    ; On                 ; On                 ;
; Allow Synchronous Control Signals                                ; On                 ; On                 ;
; Force Use of Synchronous Clear Signals                           ; Off                ; Off                ;
; Auto Resource Sharing                                            ; Off                ; Off                ;
; Use LogicLock Constraints during Resource Balancing              ; On                 ; On                 ;
; Ignore translate_off and synthesis_off directives                ; Off                ; Off                ;
; Report Parameter Settings                                        ; On                 ; On                 ;
; Report Source Assignments                                        ; On                 ; On                 ;
; Report Connectivity Checks                                       ; On                 ; On                 ;
; Ignore Maximum Fan-Out Assignments                               ; Off                ; Off                ;
; Synchronization Register Chain Length                            ; 2                  ; 2                  ;
; Power Optimization During Synthesis                              ; Normal compilation ; Normal compilation ;
; HDL message level                                                ; Level2             ; Level2             ;
; Suppress Register Optimization Related Messages                  ; Off                ; Off                ;
; Number of Removed Registers Reported in Synthesis Report         ; 5000               ; 5000               ;
; Number of Swept Nodes Reported in Synthesis Report               ; 5000               ; 5000               ;
; Number of Inverted Registers Reported in Synthesis Report        ; 100                ; 100                ;
; Clock MUX Protection                                             ; On                 ; On                 ;
; Block Design Naming                                              ; Auto               ; Auto               ;
; Synthesis Effort                                                 ; Auto               ; Auto               ;
; Shift Register Replacement - Allow Asynchronous Clear Signal     ; On                 ; On                 ;
; Analysis & Synthesis Message Level                               ; Medium             ; Medium             ;
; Disable Register Merging Across Hierarchies                      ; Auto               ; Auto               ;
+------------------------------------------------------------------+--------------------+--------------------+


+------------------------------------------+
; Parallel Compilation                     ;
+----------------------------+-------------+
; Processors                 ; Number      ;
+----------------------------+-------------+
; Number detected on machine ; 8           ;
; Maximum allowed            ; 4           ;
;                            ;             ;
; Average used               ; 1.00        ;
; Maximum used               ; 1           ;
;                            ;             ;
; Usage by Processor         ; % Time Used ;
;     Processor 1            ; 100.0%      ;
+----------------------------+-------------+


+----------------------------------------------------------------------------------------------------------------------------------------------+
; Analysis & Synthesis Source Files Read                                                                                                       ;
+----------------------------------+-----------------+-----------------+-------------------------------------------------------------+---------+
; File Name with User-Entered Path ; Used in Netlist ; File Type       ; File Name with Absolute Path                                ; Library ;
+----------------------------------+-----------------+-----------------+-------------------------------------------------------------+---------+
; mux21 _3.vhd                     ; yes             ; User VHDL File  ; D:/IITB/Semester_4/EE309/Project_309/Datapath/mux21 _3.vhd  ;         ;
; SE9.vhd                          ; yes             ; User VHDL File  ; D:/IITB/Semester_4/EE309/Project_309/Datapath/SE9.vhd       ;         ;
; SE6.vhd                          ; yes             ; User VHDL File  ; D:/IITB/Semester_4/EE309/Project_309/Datapath/SE6.vhd       ;         ;
; reg_bank.vhd                     ; yes             ; User VHDL File  ; D:/IITB/Semester_4/EE309/Project_309/Datapath/reg_bank.vhd  ;         ;
; reg_16.vhd                       ; yes             ; User VHDL File  ; D:/IITB/Semester_4/EE309/Project_309/Datapath/reg_16.vhd    ;         ;
; reg_1.vhd                        ; yes             ; User VHDL File  ; D:/IITB/Semester_4/EE309/Project_309/Datapath/reg_1.vhd     ;         ;
; mux81_3.vhd                      ; yes             ; User VHDL File  ; D:/IITB/Semester_4/EE309/Project_309/Datapath/mux81_3.vhd   ;         ;
; mux81.vhd                        ; yes             ; User VHDL File  ; D:/IITB/Semester_4/EE309/Project_309/Datapath/mux81.vhd     ;         ;
; mux41_3.vhd                      ; yes             ; User VHDL File  ; D:/IITB/Semester_4/EE309/Project_309/Datapath/mux41_3.vhd   ;         ;
; mux41.vhd                        ; yes             ; User VHDL File  ; D:/IITB/Semester_4/EE309/Project_309/Datapath/mux41.vhd     ;         ;
; mux21.vhd                        ; yes             ; User VHDL File  ; D:/IITB/Semester_4/EE309/Project_309/Datapath/mux21.vhd     ;         ;
; memory.vhd                       ; yes             ; User VHDL File  ; D:/IITB/Semester_4/EE309/Project_309/Datapath/memory.vhd    ;         ;
; inc.vhd                          ; yes             ; User VHDL File  ; D:/IITB/Semester_4/EE309/Project_309/Datapath/inc.vhd       ;         ;
; bit7shift.vhd                    ; yes             ; User VHDL File  ; D:/IITB/Semester_4/EE309/Project_309/Datapath/bit7shift.vhd ;         ;
; bit1shift.vhd                    ; yes             ; User VHDL File  ; D:/IITB/Semester_4/EE309/Project_309/Datapath/bit1shift.vhd ;         ;
; alu.vhd                          ; yes             ; User VHDL File  ; D:/IITB/Semester_4/EE309/Project_309/Datapath/alu.vhd       ;         ;
; datapath.vhd                     ; yes             ; User VHDL File  ; D:/IITB/Semester_4/EE309/Project_309/Datapath/datapath.vhd  ;         ;
+----------------------------------+-----------------+-----------------+-------------------------------------------------------------+---------+


+-----------------------------------------------------+
; Analysis & Synthesis Resource Usage Summary         ;
+---------------------------------------------+-------+
; Resource                                    ; Usage ;
+---------------------------------------------+-------+
; Total logic elements                        ; 2427  ;
;     -- Combinational with no register       ; 1209  ;
;     -- Register only                        ; 1184  ;
;     -- Combinational with a register        ; 34    ;
;                                             ;       ;
; Logic element usage by number of LUT inputs ;       ;
;     -- 4 input functions                    ; 1060  ;
;     -- 3 input functions                    ; 163   ;
;     -- 2 input functions                    ; 20    ;
;     -- 1 input functions                    ; 0     ;
;     -- 0 input functions                    ; 0     ;
;                                             ;       ;
; Logic elements by mode                      ;       ;
;     -- normal mode                          ; 2413  ;
;     -- arithmetic mode                      ; 14    ;
;     -- qfbk mode                            ; 0     ;
;     -- register cascade mode                ; 0     ;
;     -- synchronous clear/load mode          ; 16    ;
;     -- asynchronous clear/load mode         ; 0     ;
;                                             ;       ;
; Total registers                             ; 1218  ;
; Total logic cells in carry chains           ; 15    ;
; I/O pins                                    ; 50    ;
; Maximum fan-out node                        ; clk   ;
; Maximum fan-out                             ; 1218  ;
; Total fan-out                               ; 8437  ;
; Average fan-out                             ; 3.41  ;
+---------------------------------------------+-------+


+----------------------------------------------------------------------------------------------------------------------------------------------------------------------------------------------------------------------------------------------+
; Analysis & Synthesis Resource Utilization by Entity                                                                                                                                                                                          ;
+----------------------------+-------------+--------------+------------+------+--------------+--------------+-------------------+------------------+-----------------+------------+-----------------------------+---------------+--------------+
; Compilation Hierarchy Node ; Logic Cells ; LC Registers ; UFM Blocks ; Pins ; Virtual Pins ; LUT-Only LCs ; Register-Only LCs ; LUT/Register LCs ; Carry Chain LCs ; Packed LCs ; Full Hierarchy Name         ; Entity Name   ; Library Name ;
+----------------------------+-------------+--------------+------------+------+--------------+--------------+-------------------+------------------+-----------------+------------+-----------------------------+---------------+--------------+
; |datapath                  ; 2427 (0)    ; 1218         ; 0          ; 50   ; 0            ; 1209 (0)     ; 1184 (0)          ; 34 (0)           ; 15 (0)          ; 0 (0)      ; |datapath                   ; datapath      ; work         ;
;    |alu:ALU_1|             ; 107 (107)   ; 0            ; 0          ; 0    ; 0            ; 107 (107)    ; 0 (0)             ; 0 (0)            ; 0 (0)           ; 0 (0)      ; |datapath|alu:ALU_1         ; alu           ; work         ;
;    |incr:inc|              ; 31 (31)     ; 0            ; 0          ; 0    ; 0            ; 31 (31)      ; 0 (0)             ; 0 (0)            ; 15 (15)         ; 0 (0)      ; |datapath|incr:inc          ; incr          ; work         ;
;    |memory:Memory_1|       ; 1776 (1776) ; 1024         ; 0          ; 0    ; 0            ; 752 (752)    ; 1024 (1024)       ; 0 (0)            ; 0 (0)           ; 0 (0)      ; |datapath|memory:Memory_1   ; memory        ; work         ;
;    |mux21:Mux_ALU_A|       ; 16 (16)     ; 0            ; 0          ; 0    ; 0            ; 16 (16)      ; 0 (0)             ; 0 (0)            ; 0 (0)           ; 0 (0)      ; |datapath|mux21:Mux_ALU_A   ; mux21         ; work         ;
;    |mux21:Mux_Mem_A|       ; 6 (6)       ; 0            ; 0          ; 0    ; 0            ; 6 (6)        ; 0 (0)             ; 0 (0)            ; 0 (0)           ; 0 (0)      ; |datapath|mux21:Mux_Mem_A   ; mux21         ; work         ;
;    |mux21:Mux_Mem_D|       ; 16 (16)     ; 0            ; 0          ; 0    ; 0            ; 16 (16)      ; 0 (0)             ; 0 (0)            ; 0 (0)           ; 0 (0)      ; |datapath|mux21:Mux_Mem_D   ; mux21         ; work         ;
;    |mux21:Mux_T1|          ; 64 (64)     ; 0            ; 0          ; 0    ; 0            ; 64 (64)      ; 0 (0)             ; 0 (0)            ; 0 (0)           ; 0 (0)      ; |datapath|mux21:Mux_T1      ; mux21         ; work         ;
;    |mux21_3:Mux_RF_A2|     ; 2 (2)       ; 0            ; 0          ; 0    ; 0            ; 2 (2)        ; 0 (0)             ; 0 (0)            ; 0 (0)           ; 0 (0)      ; |datapath|mux21_3:Mux_RF_A2 ; mux21_3       ; work         ;
;    |mux41:Mux_ALU_B|       ; 32 (32)     ; 0            ; 0          ; 0    ; 0            ; 32 (32)      ; 0 (0)             ; 0 (0)            ; 0 (0)           ; 0 (0)      ; |datapath|mux41:Mux_ALU_B   ; mux41         ; work         ;
;    |mux41:Mux_T2|          ; 96 (96)     ; 0            ; 0          ; 0    ; 0            ; 96 (96)      ; 0 (0)             ; 0 (0)            ; 0 (0)           ; 0 (0)      ; |datapath|mux41:Mux_T2      ; mux41         ; work         ;
;    |mux41_3:Mux_RF_A1|     ; 6 (6)       ; 0            ; 0          ; 0    ; 0            ; 6 (6)        ; 0 (0)             ; 0 (0)            ; 0 (0)           ; 0 (0)      ; |datapath|mux41_3:Mux_RF_A1 ; mux41_3       ; work         ;
;    |mux81:Mux_RF_D3|       ; 58 (58)     ; 0            ; 0          ; 0    ; 0            ; 58 (58)      ; 0 (0)             ; 0 (0)            ; 0 (0)           ; 0 (0)      ; |datapath|mux81:Mux_RF_D3   ; mux81         ; work         ;
;    |mux81_3:Mux_RF_A3|     ; 12 (12)     ; 0            ; 0          ; 0    ; 0            ; 12 (12)      ; 0 (0)             ; 0 (0)            ; 0 (0)           ; 0 (0)      ; |datapath|mux81_3:Mux_RF_A3 ; mux81_3       ; work         ;
;    |reg1:carry|            ; 1 (1)       ; 1            ; 0          ; 0    ; 0            ; 0 (0)        ; 0 (0)             ; 1 (1)            ; 0 (0)           ; 0 (0)      ; |datapath|reg1:carry        ; reg1          ; work         ;
;    |reg1:zero|             ; 1 (1)       ; 1            ; 0          ; 0    ; 0            ; 0 (0)        ; 0 (0)             ; 1 (1)            ; 0 (0)           ; 0 (0)      ; |datapath|reg1:zero         ; reg1          ; work         ;
;    |reg:IR|                ; 16 (16)     ; 16           ; 0          ; 0    ; 0            ; 0 (0)        ; 16 (16)           ; 0 (0)            ; 0 (0)           ; 0 (0)      ; |datapath|reg:IR            ; reg           ; work         ;
;    |reg:T1_reg|            ; 16 (16)     ; 16           ; 0          ; 0    ; 0            ; 0 (0)        ; 0 (0)             ; 16 (16)          ; 0 (0)           ; 0 (0)      ; |datapath|reg:T1_reg        ; reg           ; work         ;
;    |reg:T2_reg|            ; 19 (19)     ; 16           ; 0          ; 0    ; 0            ; 3 (3)        ; 0 (0)             ; 16 (16)          ; 0 (0)           ; 0 (0)      ; |datapath|reg:T2_reg        ; reg           ; work         ;
;    |reg:T3_reg|            ; 16 (16)     ; 16           ; 0          ; 0    ; 0            ; 0 (0)        ; 16 (16)           ; 0 (0)            ; 0 (0)           ; 0 (0)      ; |datapath|reg:T3_reg        ; reg           ; work         ;
;    |register_bank:RF|      ; 136 (136)   ; 128          ; 0          ; 0    ; 0            ; 8 (8)        ; 128 (128)         ; 0 (0)            ; 0 (0)           ; 0 (0)      ; |datapath|register_bank:RF  ; register_bank ; work         ;
+----------------------------+-------------+--------------+------------+------+--------------+--------------+-------------------+------------------+-----------------+------------+-----------------------------+---------------+--------------+
Note: For table entries with two numbers listed, the numbers in parentheses indicate the number of resources of the given type used by the specific entity alone. The numbers listed outside of parentheses indicate the total resources of the given type used by the specific entity and all of its sub-entities in the hierarchy.


+----------------------------------------------------------------------------------------------------+
; User-Specified and Inferred Latches                                                                ;
+-----------------------------------------------------+---------------------+------------------------+
; Latch Name                                          ; Latch Enable Signal ; Free of Timing Hazards ;
+-----------------------------------------------------+---------------------+------------------------+
; alu:ALU_1|carry                                     ; alu:ALU_1|carry     ; yes                    ;
; alu:ALU_1|zero                                      ; alu:ALU_1|zero      ; yes                    ;
; alu:ALU_1|Op[1]                                     ; alu:ALU_1|zero      ; yes                    ;
; alu:ALU_1|Op[0]                                     ; alu:ALU_1|zero      ; yes                    ;
; alu:ALU_1|Op[2]                                     ; alu:ALU_1|zero      ; yes                    ;
; alu:ALU_1|Op[3]                                     ; alu:ALU_1|zero      ; yes                    ;
; alu:ALU_1|Op[5]                                     ; alu:ALU_1|zero      ; yes                    ;
; alu:ALU_1|Op[4]                                     ; alu:ALU_1|zero      ; yes                    ;
; alu:ALU_1|Op[6]                                     ; alu:ALU_1|zero      ; yes                    ;
; alu:ALU_1|Op[7]                                     ; alu:ALU_1|zero      ; yes                    ;
; alu:ALU_1|Op[8]                                     ; alu:ALU_1|zero      ; yes                    ;
; alu:ALU_1|Op[9]                                     ; alu:ALU_1|zero      ; yes                    ;
; alu:ALU_1|Op[10]                                    ; alu:ALU_1|zero      ; yes                    ;
; alu:ALU_1|Op[11]                                    ; alu:ALU_1|zero      ; yes                    ;
; alu:ALU_1|Op[12]                                    ; alu:ALU_1|zero      ; yes                    ;
; alu:ALU_1|Op[13]                                    ; alu:ALU_1|zero      ; yes                    ;
; alu:ALU_1|Op[14]                                    ; alu:ALU_1|zero      ; yes                    ;
; alu:ALU_1|Op[15]                                    ; alu:ALU_1|zero      ; yes                    ;
; incr:inc|Op[1]                                      ; wr_inc              ; yes                    ;
; incr:inc|Op[0]                                      ; wr_inc              ; yes                    ;
; incr:inc|Op[2]                                      ; wr_inc              ; yes                    ;
; incr:inc|Op[3]                                      ; wr_inc              ; yes                    ;
; incr:inc|Op[5]                                      ; wr_inc              ; yes                    ;
; incr:inc|Op[4]                                      ; wr_inc              ; yes                    ;
; incr:inc|Op[6]                                      ; wr_inc              ; yes                    ;
; incr:inc|Op[7]                                      ; wr_inc              ; yes                    ;
; incr:inc|Op[8]                                      ; wr_inc              ; yes                    ;
; incr:inc|Op[9]                                      ; wr_inc              ; yes                    ;
; incr:inc|Op[10]                                     ; wr_inc              ; yes                    ;
; incr:inc|Op[11]                                     ; wr_inc              ; yes                    ;
; incr:inc|Op[12]                                     ; wr_inc              ; yes                    ;
; incr:inc|Op[13]                                     ; wr_inc              ; yes                    ;
; incr:inc|Op[14]                                     ; wr_inc              ; yes                    ;
; incr:inc|Op[15]                                     ; wr_inc              ; yes                    ;
; Number of user-specified and inferred latches = 34  ;                     ;                        ;
+-----------------------------------------------------+---------------------+------------------------+
Note: All latches listed above may not be present at the end of synthesis due to various synthesis optimizations.


+------------------------------------------------------+
; General Register Statistics                          ;
+----------------------------------------------+-------+
; Statistic                                    ; Value ;
+----------------------------------------------+-------+
; Total registers                              ; 1218  ;
; Number of registers using Synchronous Clear  ; 0     ;
; Number of registers using Synchronous Load   ; 16    ;
; Number of registers using Asynchronous Clear ; 0     ;
; Number of registers using Asynchronous Load  ; 0     ;
; Number of registers using Clock Enable       ; 1216  ;
; Number of registers using Preset             ; 0     ;
+----------------------------------------------+-------+


+-------------------------------------------------------------------------------------------------------------------------------------------------+
; Multiplexer Restructuring Statistics (Restructuring Performed)                                                                                  ;
+--------------------+-----------+---------------+----------------------+------------------------+------------+-----------------------------------+
; Multiplexer Inputs ; Bus Width ; Baseline Area ; Area if Restructured ; Saving if Restructured ; Registered ; Example Multiplexer Output        ;
+--------------------+-----------+---------------+----------------------+------------------------+------------+-----------------------------------+
; 9:1                ; 16 bits   ; 96 LEs        ; 96 LEs               ; 0 LEs                  ; Yes        ; |datapath|reg:T1_reg|Op[15]       ;
; 11:1               ; 16 bits   ; 112 LEs       ; 112 LEs              ; 0 LEs                  ; Yes        ; |datapath|reg:T2_reg|Op[1]        ;
; 3:1                ; 8 bits    ; 16 LEs        ; 16 LEs               ; 0 LEs                  ; No         ; |datapath|mux41:Mux_ALU_B|Op[12]  ;
; 4:1                ; 3 bits    ; 6 LEs         ; 6 LEs                ; 0 LEs                  ; No         ; |datapath|mux41_3:Mux_RF_A1|Op[2] ;
; 4:1                ; 2 bits    ; 4 LEs         ; 4 LEs                ; 0 LEs                  ; No         ; |datapath|mux41:Mux_ALU_B|Op[6]   ;
; 8:1                ; 7 bits    ; 35 LEs        ; 28 LEs               ; 7 LEs                  ; No         ; |datapath|mux81:Mux_RF_D3|Op[3]   ;
; 8:1                ; 9 bits    ; 45 LEs        ; 36 LEs               ; 9 LEs                  ; No         ; |datapath|mux81:Mux_RF_D3|Op[12]  ;
; 8:1                ; 3 bits    ; 15 LEs        ; 9 LEs                ; 6 LEs                  ; No         ; |datapath|mux81_3:Mux_RF_A3|Op[0] ;
; 3:1                ; 5 bits    ; 10 LEs        ; 10 LEs               ; 0 LEs                  ; No         ; |datapath|mux41:Mux_ALU_B|Op[5]   ;
+--------------------+-----------+---------------+----------------------+------------------------+------------+-----------------------------------+


+------------------------------------------+
; Port Connectivity Checks: "mux41:Mux_T2" ;
+------+-------+----------+----------------+
; Port ; Type  ; Severity ; Details        ;
+------+-------+----------+----------------+
; a3   ; Input ; Info     ; Stuck at GND   ;
+------+-------+----------+----------------+


+---------------------------------------------+
; Port Connectivity Checks: "mux81:Mux_RF_D3" ;
+------+-------+----------+-------------------+
; Port ; Type  ; Severity ; Details           ;
+------+-------+----------+-------------------+
; a6   ; Input ; Info     ; Stuck at GND      ;
; a7   ; Input ; Info     ; Stuck at GND      ;
+------+-------+----------+-------------------+


+-----------------------------------------------+
; Port Connectivity Checks: "mux81_3:Mux_RF_A3" ;
+------+-------+----------+---------------------+
; Port ; Type  ; Severity ; Details             ;
+------+-------+----------+---------------------+
; a0   ; Input ; Info     ; Stuck at VCC        ;
; a5   ; Input ; Info     ; Stuck at GND        ;
; a6   ; Input ; Info     ; Stuck at GND        ;
; a7   ; Input ; Info     ; Stuck at GND        ;
+------+-------+----------+---------------------+


+-----------------------------------------------+
; Port Connectivity Checks: "mux41_3:Mux_RF_A1" ;
+------+-------+----------+---------------------+
; Port ; Type  ; Severity ; Details             ;
+------+-------+----------+---------------------+
; a0   ; Input ; Info     ; Stuck at VCC        ;
+------+-------+----------+---------------------+


+-------------------------------+
; Analysis & Synthesis Messages ;
+-------------------------------+
Info: *******************************************************************
Info: Running Quartus Prime Analysis & Synthesis
    Info: Version 20.1.1 Build 720 11/11/2020 SJ Lite Edition
    Info: Processing started: Sat Apr 16 21:33:38 2022
Info: Command: quartus_map --read_settings_files=on --write_settings_files=off datapath -c DUT
Warning (18236): Number of processors has not been specified which may cause overloading on shared machines.  Set the global assignment NUM_PARALLEL_PROCESSORS in your QSF to an appropriate value for best performance.
Info (20030): Parallel compilation is enabled and will use 4 of the 4 processors detected
Info (12021): Found 2 design units, including 1 entities, in source file mux21 _3.vhd
    Info (12022): Found design unit 1: mux21_3-behavior File: D:/IITB/Semester_4/EE309/Project_309/Datapath/mux21 _3.vhd Line: 13
    Info (12023): Found entity 1: mux21_3 File: D:/IITB/Semester_4/EE309/Project_309/Datapath/mux21 _3.vhd Line: 4
Info (12021): Found 2 design units, including 1 entities, in source file se9.vhd
    Info (12022): Found design unit 1: bitextender9-behavior File: D:/IITB/Semester_4/EE309/Project_309/Datapath/SE9.vhd Line: 11
    Info (12023): Found entity 1: bitextender9 File: D:/IITB/Semester_4/EE309/Project_309/Datapath/SE9.vhd Line: 4
Info (12021): Found 2 design units, including 1 entities, in source file se6.vhd
    Info (12022): Found design unit 1: bitextender6-behavior File: D:/IITB/Semester_4/EE309/Project_309/Datapath/SE6.vhd Line: 11
    Info (12023): Found entity 1: bitextender6 File: D:/IITB/Semester_4/EE309/Project_309/Datapath/SE6.vhd Line: 4
Info (12021): Found 2 design units, including 1 entities, in source file reg_bank.vhd
    Info (12022): Found design unit 1: register_bank-rb1 File: D:/IITB/Semester_4/EE309/Project_309/Datapath/reg_bank.vhd Line: 19
    Info (12023): Found entity 1: register_bank File: D:/IITB/Semester_4/EE309/Project_309/Datapath/reg_bank.vhd Line: 6
Info (12021): Found 2 design units, including 1 entities, in source file reg_16.vhd
    Info (12022): Found design unit 1: reg-reg1 File: D:/IITB/Semester_4/EE309/Project_309/Datapath/reg_16.vhd Line: 13
    Info (12023): Found entity 1: reg File: D:/IITB/Semester_4/EE309/Project_309/Datapath/reg_16.vhd Line: 4
Info (12021): Found 2 design units, including 1 entities, in source file reg_1.vhd
    Info (12022): Found design unit 1: reg1-reg_1 File: D:/IITB/Semester_4/EE309/Project_309/Datapath/reg_1.vhd Line: 13
    Info (12023): Found entity 1: reg1 File: D:/IITB/Semester_4/EE309/Project_309/Datapath/reg_1.vhd Line: 4
Info (12021): Found 2 design units, including 1 entities, in source file mux81_3.vhd
    Info (12022): Found design unit 1: mux81_3-behavior File: D:/IITB/Semester_4/EE309/Project_309/Datapath/mux81_3.vhd Line: 19
    Info (12023): Found entity 1: mux81_3 File: D:/IITB/Semester_4/EE309/Project_309/Datapath/mux81_3.vhd Line: 4
Info (12021): Found 2 design units, including 1 entities, in source file mux81.vhd
    Info (12022): Found design unit 1: mux81-behavior File: D:/IITB/Semester_4/EE309/Project_309/Datapath/mux81.vhd Line: 19
    Info (12023): Found entity 1: mux81 File: D:/IITB/Semester_4/EE309/Project_309/Datapath/mux81.vhd Line: 4
Info (12021): Found 2 design units, including 1 entities, in source file mux41_3.vhd
    Info (12022): Found design unit 1: mux41_3-behavior File: D:/IITB/Semester_4/EE309/Project_309/Datapath/mux41_3.vhd Line: 15
    Info (12023): Found entity 1: mux41_3 File: D:/IITB/Semester_4/EE309/Project_309/Datapath/mux41_3.vhd Line: 4
Warning (12090): Entity "mux41" obtained from "mux41.vhd" instead of from Quartus Prime megafunction library File: D:/IITB/Semester_4/EE309/Project_309/Datapath/mux41.vhd Line: 4
Info (12021): Found 2 design units, including 1 entities, in source file mux41.vhd
    Info (12022): Found design unit 1: mux41-behavior File: D:/IITB/Semester_4/EE309/Project_309/Datapath/mux41.vhd Line: 15
    Info (12023): Found entity 1: mux41 File: D:/IITB/Semester_4/EE309/Project_309/Datapath/mux41.vhd Line: 4
Info (12021): Found 2 design units, including 1 entities, in source file mux21.vhd
    Info (12022): Found design unit 1: mux21-behavior File: D:/IITB/Semester_4/EE309/Project_309/Datapath/mux21.vhd Line: 13
    Info (12023): Found entity 1: mux21 File: D:/IITB/Semester_4/EE309/Project_309/Datapath/mux21.vhd Line: 4
Info (12021): Found 2 design units, including 1 entities, in source file memory.vhd
    Info (12022): Found design unit 1: memory-mem1 File: D:/IITB/Semester_4/EE309/Project_309/Datapath/memory.vhd Line: 15
    Info (12023): Found entity 1: memory File: D:/IITB/Semester_4/EE309/Project_309/Datapath/memory.vhd Line: 5
Info (12021): Found 2 design units, including 1 entities, in source file inc.vhd
    Info (12022): Found design unit 1: incr-behavior File: D:/IITB/Semester_4/EE309/Project_309/Datapath/inc.vhd Line: 12
    Info (12023): Found entity 1: incr File: D:/IITB/Semester_4/EE309/Project_309/Datapath/inc.vhd Line: 5
Info (12021): Found 2 design units, including 1 entities, in source file bit7shift.vhd
    Info (12022): Found design unit 1: bit7shift-a1 File: D:/IITB/Semester_4/EE309/Project_309/Datapath/bit7shift.vhd Line: 12
    Info (12023): Found entity 1: bit7shift File: D:/IITB/Semester_4/EE309/Project_309/Datapath/bit7shift.vhd Line: 4
Info (12021): Found 2 design units, including 1 entities, in source file bit1shift.vhd
    Info (12022): Found design unit 1: bit1shift-a1 File: D:/IITB/Semester_4/EE309/Project_309/Datapath/bit1shift.vhd Line: 11
    Info (12023): Found entity 1: bit1shift File: D:/IITB/Semester_4/EE309/Project_309/Datapath/bit1shift.vhd Line: 4
Info (12021): Found 2 design units, including 1 entities, in source file alu.vhd
    Info (12022): Found design unit 1: alu-a1 File: D:/IITB/Semester_4/EE309/Project_309/Datapath/alu.vhd Line: 16
    Info (12023): Found entity 1: alu File: D:/IITB/Semester_4/EE309/Project_309/Datapath/alu.vhd Line: 4
Info (12021): Found 2 design units, including 1 entities, in source file datapath.vhd
    Info (12022): Found design unit 1: datapath-arch File: D:/IITB/Semester_4/EE309/Project_309/Datapath/datapath.vhd Line: 19
    Info (12023): Found entity 1: datapath File: D:/IITB/Semester_4/EE309/Project_309/Datapath/datapath.vhd Line: 6
Info (12127): Elaborating entity "datapath" for the top level hierarchy
Info (12128): Elaborating entity "reg" for hierarchy "reg:IR" File: D:/IITB/Semester_4/EE309/Project_309/Datapath/datapath.vhd Line: 203
Info (12128): Elaborating entity "mux41_3" for hierarchy "mux41_3:Mux_RF_A1" File: D:/IITB/Semester_4/EE309/Project_309/Datapath/datapath.vhd Line: 206
Warning (10631): VHDL Process Statement warning at mux41_3.vhd(18): inferring latch(es) for signal or variable "Op", which holds its previous value in one or more paths through the process File: D:/IITB/Semester_4/EE309/Project_309/Datapath/mux41_3.vhd Line: 18
Info (10041): Inferred latch for "Op[0]" at mux41_3.vhd(18) File: D:/IITB/Semester_4/EE309/Project_309/Datapath/mux41_3.vhd Line: 18
Info (10041): Inferred latch for "Op[1]" at mux41_3.vhd(18) File: D:/IITB/Semester_4/EE309/Project_309/Datapath/mux41_3.vhd Line: 18
Info (10041): Inferred latch for "Op[2]" at mux41_3.vhd(18) File: D:/IITB/Semester_4/EE309/Project_309/Datapath/mux41_3.vhd Line: 18
Info (12128): Elaborating entity "mux21_3" for hierarchy "mux21_3:Mux_RF_A2" File: D:/IITB/Semester_4/EE309/Project_309/Datapath/datapath.vhd Line: 209
Warning (10631): VHDL Process Statement warning at mux21 _3.vhd(16): inferring latch(es) for signal or variable "Op", which holds its previous value in one or more paths through the process File: D:/IITB/Semester_4/EE309/Project_309/Datapath/mux21 _3.vhd Line: 16
Info (10041): Inferred latch for "Op[0]" at mux21 _3.vhd(16) File: D:/IITB/Semester_4/EE309/Project_309/Datapath/mux21 _3.vhd Line: 16
Info (10041): Inferred latch for "Op[1]" at mux21 _3.vhd(16) File: D:/IITB/Semester_4/EE309/Project_309/Datapath/mux21 _3.vhd Line: 16
Info (10041): Inferred latch for "Op[2]" at mux21 _3.vhd(16) File: D:/IITB/Semester_4/EE309/Project_309/Datapath/mux21 _3.vhd Line: 16
Info (12128): Elaborating entity "mux81_3" for hierarchy "mux81_3:Mux_RF_A3" File: D:/IITB/Semester_4/EE309/Project_309/Datapath/datapath.vhd Line: 212
Info (12128): Elaborating entity "bit7shift" for hierarchy "bit7shift:S7" File: D:/IITB/Semester_4/EE309/Project_309/Datapath/datapath.vhd Line: 215
Info (12128): Elaborating entity "mux81" for hierarchy "mux81:Mux_RF_D3" File: D:/IITB/Semester_4/EE309/Project_309/Datapath/datapath.vhd Line: 218
Info (12128): Elaborating entity "register_bank" for hierarchy "register_bank:RF" File: D:/IITB/Semester_4/EE309/Project_309/Datapath/datapath.vhd Line: 221
Warning (10492): VHDL Process Statement warning at reg_bank.vhd(40): signal "clk" is read inside the Process Statement but isn't in the Process Statement's sensitivity list File: D:/IITB/Semester_4/EE309/Project_309/Datapath/reg_bank.vhd Line: 40
Info (12128): Elaborating entity "mux21" for hierarchy "mux21:Mux_T1" File: D:/IITB/Semester_4/EE309/Project_309/Datapath/datapath.vhd Line: 224
Warning (10631): VHDL Process Statement warning at mux21.vhd(16): inferring latch(es) for signal or variable "Op", which holds its previous value in one or more paths through the process File: D:/IITB/Semester_4/EE309/Project_309/Datapath/mux21.vhd Line: 16
Info (10041): Inferred latch for "Op[0]" at mux21.vhd(16) File: D:/IITB/Semester_4/EE309/Project_309/Datapath/mux21.vhd Line: 16
Info (10041): Inferred latch for "Op[1]" at mux21.vhd(16) File: D:/IITB/Semester_4/EE309/Project_309/Datapath/mux21.vhd Line: 16
Info (10041): Inferred latch for "Op[2]" at mux21.vhd(16) File: D:/IITB/Semester_4/EE309/Project_309/Datapath/mux21.vhd Line: 16
Info (10041): Inferred latch for "Op[3]" at mux21.vhd(16) File: D:/IITB/Semester_4/EE309/Project_309/Datapath/mux21.vhd Line: 16
Info (10041): Inferred latch for "Op[4]" at mux21.vhd(16) File: D:/IITB/Semester_4/EE309/Project_309/Datapath/mux21.vhd Line: 16
Info (10041): Inferred latch for "Op[5]" at mux21.vhd(16) File: D:/IITB/Semester_4/EE309/Project_309/Datapath/mux21.vhd Line: 16
Info (10041): Inferred latch for "Op[6]" at mux21.vhd(16) File: D:/IITB/Semester_4/EE309/Project_309/Datapath/mux21.vhd Line: 16
Info (10041): Inferred latch for "Op[7]" at mux21.vhd(16) File: D:/IITB/Semester_4/EE309/Project_309/Datapath/mux21.vhd Line: 16
Info (10041): Inferred latch for "Op[8]" at mux21.vhd(16) File: D:/IITB/Semester_4/EE309/Project_309/Datapath/mux21.vhd Line: 16
Info (10041): Inferred latch for "Op[9]" at mux21.vhd(16) File: D:/IITB/Semester_4/EE309/Project_309/Datapath/mux21.vhd Line: 16
Info (10041): Inferred latch for "Op[10]" at mux21.vhd(16) File: D:/IITB/Semester_4/EE309/Project_309/Datapath/mux21.vhd Line: 16
Info (10041): Inferred latch for "Op[11]" at mux21.vhd(16) File: D:/IITB/Semester_4/EE309/Project_309/Datapath/mux21.vhd Line: 16
Info (10041): Inferred latch for "Op[12]" at mux21.vhd(16) File: D:/IITB/Semester_4/EE309/Project_309/Datapath/mux21.vhd Line: 16
Info (10041): Inferred latch for "Op[13]" at mux21.vhd(16) File: D:/IITB/Semester_4/EE309/Project_309/Datapath/mux21.vhd Line: 16
Info (10041): Inferred latch for "Op[14]" at mux21.vhd(16) File: D:/IITB/Semester_4/EE309/Project_309/Datapath/mux21.vhd Line: 16
Info (10041): Inferred latch for "Op[15]" at mux21.vhd(16) File: D:/IITB/Semester_4/EE309/Project_309/Datapath/mux21.vhd Line: 16
Info (12128): Elaborating entity "mux41" for hierarchy "mux41:Mux_T2" File: D:/IITB/Semester_4/EE309/Project_309/Datapath/datapath.vhd Line: 230
Warning (10631): VHDL Process Statement warning at mux41.vhd(18): inferring latch(es) for signal or variable "Op", which holds its previous value in one or more paths through the process File: D:/IITB/Semester_4/EE309/Project_309/Datapath/mux41.vhd Line: 18
Info (10041): Inferred latch for "Op[0]" at mux41.vhd(18) File: D:/IITB/Semester_4/EE309/Project_309/Datapath/mux41.vhd Line: 18
Info (10041): Inferred latch for "Op[1]" at mux41.vhd(18) File: D:/IITB/Semester_4/EE309/Project_309/Datapath/mux41.vhd Line: 18
Info (10041): Inferred latch for "Op[2]" at mux41.vhd(18) File: D:/IITB/Semester_4/EE309/Project_309/Datapath/mux41.vhd Line: 18
Info (10041): Inferred latch for "Op[3]" at mux41.vhd(18) File: D:/IITB/Semester_4/EE309/Project_309/Datapath/mux41.vhd Line: 18
Info (10041): Inferred latch for "Op[4]" at mux41.vhd(18) File: D:/IITB/Semester_4/EE309/Project_309/Datapath/mux41.vhd Line: 18
Info (10041): Inferred latch for "Op[5]" at mux41.vhd(18) File: D:/IITB/Semester_4/EE309/Project_309/Datapath/mux41.vhd Line: 18
Info (10041): Inferred latch for "Op[6]" at mux41.vhd(18) File: D:/IITB/Semester_4/EE309/Project_309/Datapath/mux41.vhd Line: 18
Info (10041): Inferred latch for "Op[7]" at mux41.vhd(18) File: D:/IITB/Semester_4/EE309/Project_309/Datapath/mux41.vhd Line: 18
Info (10041): Inferred latch for "Op[8]" at mux41.vhd(18) File: D:/IITB/Semester_4/EE309/Project_309/Datapath/mux41.vhd Line: 18
Info (10041): Inferred latch for "Op[9]" at mux41.vhd(18) File: D:/IITB/Semester_4/EE309/Project_309/Datapath/mux41.vhd Line: 18
Info (10041): Inferred latch for "Op[10]" at mux41.vhd(18) File: D:/IITB/Semester_4/EE309/Project_309/Datapath/mux41.vhd Line: 18
Info (10041): Inferred latch for "Op[11]" at mux41.vhd(18) File: D:/IITB/Semester_4/EE309/Project_309/Datapath/mux41.vhd Line: 18
Info (10041): Inferred latch for "Op[12]" at mux41.vhd(18) File: D:/IITB/Semester_4/EE309/Project_309/Datapath/mux41.vhd Line: 18
Info (10041): Inferred latch for "Op[13]" at mux41.vhd(18) File: D:/IITB/Semester_4/EE309/Project_309/Datapath/mux41.vhd Line: 18
Info (10041): Inferred latch for "Op[14]" at mux41.vhd(18) File: D:/IITB/Semester_4/EE309/Project_309/Datapath/mux41.vhd Line: 18
Info (10041): Inferred latch for "Op[15]" at mux41.vhd(18) File: D:/IITB/Semester_4/EE309/Project_309/Datapath/mux41.vhd Line: 18
Info (12128): Elaborating entity "incr" for hierarchy "incr:inc" File: D:/IITB/Semester_4/EE309/Project_309/Datapath/datapath.vhd Line: 236
Warning (10492): VHDL Process Statement warning at inc.vhd(19): signal "wr" is read inside the Process Statement but isn't in the Process Statement's sensitivity list File: D:/IITB/Semester_4/EE309/Project_309/Datapath/inc.vhd Line: 19
Warning (10631): VHDL Process Statement warning at inc.vhd(15): inferring latch(es) for signal or variable "Op", which holds its previous value in one or more paths through the process File: D:/IITB/Semester_4/EE309/Project_309/Datapath/inc.vhd Line: 15
Info (10041): Inferred latch for "Op[0]" at inc.vhd(15) File: D:/IITB/Semester_4/EE309/Project_309/Datapath/inc.vhd Line: 15
Info (10041): Inferred latch for "Op[1]" at inc.vhd(15) File: D:/IITB/Semester_4/EE309/Project_309/Datapath/inc.vhd Line: 15
Info (10041): Inferred latch for "Op[2]" at inc.vhd(15) File: D:/IITB/Semester_4/EE309/Project_309/Datapath/inc.vhd Line: 15
Info (10041): Inferred latch for "Op[3]" at inc.vhd(15) File: D:/IITB/Semester_4/EE309/Project_309/Datapath/inc.vhd Line: 15
Info (10041): Inferred latch for "Op[4]" at inc.vhd(15) File: D:/IITB/Semester_4/EE309/Project_309/Datapath/inc.vhd Line: 15
Info (10041): Inferred latch for "Op[5]" at inc.vhd(15) File: D:/IITB/Semester_4/EE309/Project_309/Datapath/inc.vhd Line: 15
Info (10041): Inferred latch for "Op[6]" at inc.vhd(15) File: D:/IITB/Semester_4/EE309/Project_309/Datapath/inc.vhd Line: 15
Info (10041): Inferred latch for "Op[7]" at inc.vhd(15) File: D:/IITB/Semester_4/EE309/Project_309/Datapath/inc.vhd Line: 15
Info (10041): Inferred latch for "Op[8]" at inc.vhd(15) File: D:/IITB/Semester_4/EE309/Project_309/Datapath/inc.vhd Line: 15
Info (10041): Inferred latch for "Op[9]" at inc.vhd(15) File: D:/IITB/Semester_4/EE309/Project_309/Datapath/inc.vhd Line: 15
Info (10041): Inferred latch for "Op[10]" at inc.vhd(15) File: D:/IITB/Semester_4/EE309/Project_309/Datapath/inc.vhd Line: 15
Info (10041): Inferred latch for "Op[11]" at inc.vhd(15) File: D:/IITB/Semester_4/EE309/Project_309/Datapath/inc.vhd Line: 15
Info (10041): Inferred latch for "Op[12]" at inc.vhd(15) File: D:/IITB/Semester_4/EE309/Project_309/Datapath/inc.vhd Line: 15
Info (10041): Inferred latch for "Op[13]" at inc.vhd(15) File: D:/IITB/Semester_4/EE309/Project_309/Datapath/inc.vhd Line: 15
Info (10041): Inferred latch for "Op[14]" at inc.vhd(15) File: D:/IITB/Semester_4/EE309/Project_309/Datapath/inc.vhd Line: 15
Info (10041): Inferred latch for "Op[15]" at inc.vhd(15) File: D:/IITB/Semester_4/EE309/Project_309/Datapath/inc.vhd Line: 15
Info (12128): Elaborating entity "bit1shift" for hierarchy "bit1shift:S1" File: D:/IITB/Semester_4/EE309/Project_309/Datapath/datapath.vhd Line: 245
Info (12128): Elaborating entity "bitextender6" for hierarchy "bitextender6:SE6" File: D:/IITB/Semester_4/EE309/Project_309/Datapath/datapath.vhd Line: 251
Warning (10631): VHDL Process Statement warning at SE6.vhd(14): inferring latch(es) for signal or variable "Op", which holds its previous value in one or more paths through the process File: D:/IITB/Semester_4/EE309/Project_309/Datapath/SE6.vhd Line: 14
Info (10041): Inferred latch for "Op[0]" at SE6.vhd(14) File: D:/IITB/Semester_4/EE309/Project_309/Datapath/SE6.vhd Line: 14
Info (10041): Inferred latch for "Op[1]" at SE6.vhd(14) File: D:/IITB/Semester_4/EE309/Project_309/Datapath/SE6.vhd Line: 14
Info (10041): Inferred latch for "Op[2]" at SE6.vhd(14) File: D:/IITB/Semester_4/EE309/Project_309/Datapath/SE6.vhd Line: 14
Info (10041): Inferred latch for "Op[3]" at SE6.vhd(14) File: D:/IITB/Semester_4/EE309/Project_309/Datapath/SE6.vhd Line: 14
Info (10041): Inferred latch for "Op[4]" at SE6.vhd(14) File: D:/IITB/Semester_4/EE309/Project_309/Datapath/SE6.vhd Line: 14
Info (10041): Inferred latch for "Op[5]" at SE6.vhd(14) File: D:/IITB/Semester_4/EE309/Project_309/Datapath/SE6.vhd Line: 14
Info (10041): Inferred latch for "Op[6]" at SE6.vhd(14) File: D:/IITB/Semester_4/EE309/Project_309/Datapath/SE6.vhd Line: 14
Info (10041): Inferred latch for "Op[7]" at SE6.vhd(14) File: D:/IITB/Semester_4/EE309/Project_309/Datapath/SE6.vhd Line: 14
Info (10041): Inferred latch for "Op[8]" at SE6.vhd(14) File: D:/IITB/Semester_4/EE309/Project_309/Datapath/SE6.vhd Line: 14
Info (10041): Inferred latch for "Op[9]" at SE6.vhd(14) File: D:/IITB/Semester_4/EE309/Project_309/Datapath/SE6.vhd Line: 14
Info (10041): Inferred latch for "Op[10]" at SE6.vhd(14) File: D:/IITB/Semester_4/EE309/Project_309/Datapath/SE6.vhd Line: 14
Info (10041): Inferred latch for "Op[11]" at SE6.vhd(14) File: D:/IITB/Semester_4/EE309/Project_309/Datapath/SE6.vhd Line: 14
Info (10041): Inferred latch for "Op[12]" at SE6.vhd(14) File: D:/IITB/Semester_4/EE309/Project_309/Datapath/SE6.vhd Line: 14
Info (10041): Inferred latch for "Op[13]" at SE6.vhd(14) File: D:/IITB/Semester_4/EE309/Project_309/Datapath/SE6.vhd Line: 14
Info (10041): Inferred latch for "Op[14]" at SE6.vhd(14) File: D:/IITB/Semester_4/EE309/Project_309/Datapath/SE6.vhd Line: 14
Info (10041): Inferred latch for "Op[15]" at SE6.vhd(14) File: D:/IITB/Semester_4/EE309/Project_309/Datapath/SE6.vhd Line: 14
Info (12128): Elaborating entity "bitextender9" for hierarchy "bitextender9:SE9" File: D:/IITB/Semester_4/EE309/Project_309/Datapath/datapath.vhd Line: 254
Warning (10631): VHDL Process Statement warning at SE9.vhd(14): inferring latch(es) for signal or variable "Op", which holds its previous value in one or more paths through the process File: D:/IITB/Semester_4/EE309/Project_309/Datapath/SE9.vhd Line: 14
Info (10041): Inferred latch for "Op[0]" at SE9.vhd(14) File: D:/IITB/Semester_4/EE309/Project_309/Datapath/SE9.vhd Line: 14
Info (10041): Inferred latch for "Op[1]" at SE9.vhd(14) File: D:/IITB/Semester_4/EE309/Project_309/Datapath/SE9.vhd Line: 14
Info (10041): Inferred latch for "Op[2]" at SE9.vhd(14) File: D:/IITB/Semester_4/EE309/Project_309/Datapath/SE9.vhd Line: 14
Info (10041): Inferred latch for "Op[3]" at SE9.vhd(14) File: D:/IITB/Semester_4/EE309/Project_309/Datapath/SE9.vhd Line: 14
Info (10041): Inferred latch for "Op[4]" at SE9.vhd(14) File: D:/IITB/Semester_4/EE309/Project_309/Datapath/SE9.vhd Line: 14
Info (10041): Inferred latch for "Op[5]" at SE9.vhd(14) File: D:/IITB/Semester_4/EE309/Project_309/Datapath/SE9.vhd Line: 14
Info (10041): Inferred latch for "Op[6]" at SE9.vhd(14) File: D:/IITB/Semester_4/EE309/Project_309/Datapath/SE9.vhd Line: 14
Info (10041): Inferred latch for "Op[7]" at SE9.vhd(14) File: D:/IITB/Semester_4/EE309/Project_309/Datapath/SE9.vhd Line: 14
Info (10041): Inferred latch for "Op[8]" at SE9.vhd(14) File: D:/IITB/Semester_4/EE309/Project_309/Datapath/SE9.vhd Line: 14
Info (10041): Inferred latch for "Op[9]" at SE9.vhd(14) File: D:/IITB/Semester_4/EE309/Project_309/Datapath/SE9.vhd Line: 14
Info (10041): Inferred latch for "Op[10]" at SE9.vhd(14) File: D:/IITB/Semester_4/EE309/Project_309/Datapath/SE9.vhd Line: 14
Info (10041): Inferred latch for "Op[11]" at SE9.vhd(14) File: D:/IITB/Semester_4/EE309/Project_309/Datapath/SE9.vhd Line: 14
Info (10041): Inferred latch for "Op[12]" at SE9.vhd(14) File: D:/IITB/Semester_4/EE309/Project_309/Datapath/SE9.vhd Line: 14
Info (10041): Inferred latch for "Op[13]" at SE9.vhd(14) File: D:/IITB/Semester_4/EE309/Project_309/Datapath/SE9.vhd Line: 14
Info (10041): Inferred latch for "Op[14]" at SE9.vhd(14) File: D:/IITB/Semester_4/EE309/Project_309/Datapath/SE9.vhd Line: 14
Info (10041): Inferred latch for "Op[15]" at SE9.vhd(14) File: D:/IITB/Semester_4/EE309/Project_309/Datapath/SE9.vhd Line: 14
Info (12128): Elaborating entity "alu" for hierarchy "alu:ALU_1" File: D:/IITB/Semester_4/EE309/Project_309/Datapath/datapath.vhd Line: 257
Warning (10631): VHDL Process Statement warning at alu.vhd(33): inferring latch(es) for signal or variable "Op", which holds its previous value in one or more paths through the process File: D:/IITB/Semester_4/EE309/Project_309/Datapath/alu.vhd Line: 33
Warning (10631): VHDL Process Statement warning at alu.vhd(33): inferring latch(es) for signal or variable "carry", which holds its previous value in one or more paths through the process File: D:/IITB/Semester_4/EE309/Project_309/Datapath/alu.vhd Line: 33
Warning (10631): VHDL Process Statement warning at alu.vhd(33): inferring latch(es) for signal or variable "zero", which holds its previous value in one or more paths through the process File: D:/IITB/Semester_4/EE309/Project_309/Datapath/alu.vhd Line: 33
Info (10041): Inferred latch for "zero" at alu.vhd(33) File: D:/IITB/Semester_4/EE309/Project_309/Datapath/alu.vhd Line: 33
Info (10041): Inferred latch for "carry" at alu.vhd(33) File: D:/IITB/Semester_4/EE309/Project_309/Datapath/alu.vhd Line: 33
Info (10041): Inferred latch for "Op[0]" at alu.vhd(33) File: D:/IITB/Semester_4/EE309/Project_309/Datapath/alu.vhd Line: 33
Info (10041): Inferred latch for "Op[1]" at alu.vhd(33) File: D:/IITB/Semester_4/EE309/Project_309/Datapath/alu.vhd Line: 33
Info (10041): Inferred latch for "Op[2]" at alu.vhd(33) File: D:/IITB/Semester_4/EE309/Project_309/Datapath/alu.vhd Line: 33
Info (10041): Inferred latch for "Op[3]" at alu.vhd(33) File: D:/IITB/Semester_4/EE309/Project_309/Datapath/alu.vhd Line: 33
Info (10041): Inferred latch for "Op[4]" at alu.vhd(33) File: D:/IITB/Semester_4/EE309/Project_309/Datapath/alu.vhd Line: 33
Info (10041): Inferred latch for "Op[5]" at alu.vhd(33) File: D:/IITB/Semester_4/EE309/Project_309/Datapath/alu.vhd Line: 33
Info (10041): Inferred latch for "Op[6]" at alu.vhd(33) File: D:/IITB/Semester_4/EE309/Project_309/Datapath/alu.vhd Line: 33
Info (10041): Inferred latch for "Op[7]" at alu.vhd(33) File: D:/IITB/Semester_4/EE309/Project_309/Datapath/alu.vhd Line: 33
Info (10041): Inferred latch for "Op[8]" at alu.vhd(33) File: D:/IITB/Semester_4/EE309/Project_309/Datapath/alu.vhd Line: 33
Info (10041): Inferred latch for "Op[9]" at alu.vhd(33) File: D:/IITB/Semester_4/EE309/Project_309/Datapath/alu.vhd Line: 33
Info (10041): Inferred latch for "Op[10]" at alu.vhd(33) File: D:/IITB/Semester_4/EE309/Project_309/Datapath/alu.vhd Line: 33
Info (10041): Inferred latch for "Op[11]" at alu.vhd(33) File: D:/IITB/Semester_4/EE309/Project_309/Datapath/alu.vhd Line: 33
Info (10041): Inferred latch for "Op[12]" at alu.vhd(33) File: D:/IITB/Semester_4/EE309/Project_309/Datapath/alu.vhd Line: 33
Info (10041): Inferred latch for "Op[13]" at alu.vhd(33) File: D:/IITB/Semester_4/EE309/Project_309/Datapath/alu.vhd Line: 33
Info (10041): Inferred latch for "Op[14]" at alu.vhd(33) File: D:/IITB/Semester_4/EE309/Project_309/Datapath/alu.vhd Line: 33
Info (10041): Inferred latch for "Op[15]" at alu.vhd(33) File: D:/IITB/Semester_4/EE309/Project_309/Datapath/alu.vhd Line: 33
Info (12128): Elaborating entity "reg1" for hierarchy "reg1:carry" File: D:/IITB/Semester_4/EE309/Project_309/Datapath/datapath.vhd Line: 260
Info (12128): Elaborating entity "memory" for hierarchy "memory:Memory_1" File: D:/IITB/Semester_4/EE309/Project_309/Datapath/datapath.vhd Line: 272
Warning (14026): LATCH primitive "mux41:Mux_ALU_B|Op[0]" is permanently enabled File: D:/IITB/Semester_4/EE309/Project_309/Datapath/mux41.vhd Line: 18
Warning (14026): LATCH primitive "mux41:Mux_ALU_B|Op[1]" is permanently enabled File: D:/IITB/Semester_4/EE309/Project_309/Datapath/mux41.vhd Line: 18
Warning (14026): LATCH primitive "mux41:Mux_ALU_B|Op[2]" is permanently enabled File: D:/IITB/Semester_4/EE309/Project_309/Datapath/mux41.vhd Line: 18
Warning (14026): LATCH primitive "mux41:Mux_ALU_B|Op[3]" is permanently enabled File: D:/IITB/Semester_4/EE309/Project_309/Datapath/mux41.vhd Line: 18
Warning (14026): LATCH primitive "mux41:Mux_ALU_B|Op[4]" is permanently enabled File: D:/IITB/Semester_4/EE309/Project_309/Datapath/mux41.vhd Line: 18
Warning (14026): LATCH primitive "mux41:Mux_ALU_B|Op[5]" is permanently enabled File: D:/IITB/Semester_4/EE309/Project_309/Datapath/mux41.vhd Line: 18
Warning (14026): LATCH primitive "mux41:Mux_ALU_B|Op[6]" is permanently enabled File: D:/IITB/Semester_4/EE309/Project_309/Datapath/mux41.vhd Line: 18
Warning (14026): LATCH primitive "mux41:Mux_ALU_B|Op[7]" is permanently enabled File: D:/IITB/Semester_4/EE309/Project_309/Datapath/mux41.vhd Line: 18
Warning (14026): LATCH primitive "mux41:Mux_ALU_B|Op[8]" is permanently enabled File: D:/IITB/Semester_4/EE309/Project_309/Datapath/mux41.vhd Line: 18
Warning (14026): LATCH primitive "mux41:Mux_ALU_B|Op[9]" is permanently enabled File: D:/IITB/Semester_4/EE309/Project_309/Datapath/mux41.vhd Line: 18
Warning (14026): LATCH primitive "mux41:Mux_ALU_B|Op[10]" is permanently enabled File: D:/IITB/Semester_4/EE309/Project_309/Datapath/mux41.vhd Line: 18
Warning (14026): LATCH primitive "mux41:Mux_ALU_B|Op[11]" is permanently enabled File: D:/IITB/Semester_4/EE309/Project_309/Datapath/mux41.vhd Line: 18
Warning (14026): LATCH primitive "mux41:Mux_ALU_B|Op[12]" is permanently enabled File: D:/IITB/Semester_4/EE309/Project_309/Datapath/mux41.vhd Line: 18
Warning (14026): LATCH primitive "mux41:Mux_ALU_B|Op[13]" is permanently enabled File: D:/IITB/Semester_4/EE309/Project_309/Datapath/mux41.vhd Line: 18
Warning (14026): LATCH primitive "mux41:Mux_ALU_B|Op[14]" is permanently enabled File: D:/IITB/Semester_4/EE309/Project_309/Datapath/mux41.vhd Line: 18
Warning (14026): LATCH primitive "mux41:Mux_ALU_B|Op[15]" is permanently enabled File: D:/IITB/Semester_4/EE309/Project_309/Datapath/mux41.vhd Line: 18
Warning (14026): LATCH primitive "mux41:Mux_T2|Op[0]" is permanently enabled File: D:/IITB/Semester_4/EE309/Project_309/Datapath/mux41.vhd Line: 18
Warning (14026): LATCH primitive "mux41:Mux_T2|Op[1]" is permanently enabled File: D:/IITB/Semester_4/EE309/Project_309/Datapath/mux41.vhd Line: 18
Warning (14026): LATCH primitive "mux41:Mux_T2|Op[2]" is permanently enabled File: D:/IITB/Semester_4/EE309/Project_309/Datapath/mux41.vhd Line: 18
Warning (14026): LATCH primitive "mux41:Mux_T2|Op[3]" is permanently enabled File: D:/IITB/Semester_4/EE309/Project_309/Datapath/mux41.vhd Line: 18
Warning (14026): LATCH primitive "mux41:Mux_T2|Op[4]" is permanently enabled File: D:/IITB/Semester_4/EE309/Project_309/Datapath/mux41.vhd Line: 18
Warning (14026): LATCH primitive "mux41:Mux_T2|Op[5]" is permanently enabled File: D:/IITB/Semester_4/EE309/Project_309/Datapath/mux41.vhd Line: 18
Warning (14026): LATCH primitive "mux41:Mux_T2|Op[6]" is permanently enabled File: D:/IITB/Semester_4/EE309/Project_309/Datapath/mux41.vhd Line: 18
Warning (14026): LATCH primitive "mux41:Mux_T2|Op[7]" is permanently enabled File: D:/IITB/Semester_4/EE309/Project_309/Datapath/mux41.vhd Line: 18
Warning (14026): LATCH primitive "mux41:Mux_T2|Op[8]" is permanently enabled File: D:/IITB/Semester_4/EE309/Project_309/Datapath/mux41.vhd Line: 18
Warning (14026): LATCH primitive "mux41:Mux_T2|Op[9]" is permanently enabled File: D:/IITB/Semester_4/EE309/Project_309/Datapath/mux41.vhd Line: 18
Warning (14026): LATCH primitive "mux41:Mux_T2|Op[10]" is permanently enabled File: D:/IITB/Semester_4/EE309/Project_309/Datapath/mux41.vhd Line: 18
Warning (14026): LATCH primitive "mux41:Mux_T2|Op[11]" is permanently enabled File: D:/IITB/Semester_4/EE309/Project_309/Datapath/mux41.vhd Line: 18
Warning (14026): LATCH primitive "mux41:Mux_T2|Op[12]" is permanently enabled File: D:/IITB/Semester_4/EE309/Project_309/Datapath/mux41.vhd Line: 18
Warning (14026): LATCH primitive "mux41:Mux_T2|Op[13]" is permanently enabled File: D:/IITB/Semester_4/EE309/Project_309/Datapath/mux41.vhd Line: 18
Warning (14026): LATCH primitive "mux41:Mux_T2|Op[14]" is permanently enabled File: D:/IITB/Semester_4/EE309/Project_309/Datapath/mux41.vhd Line: 18
Warning (14026): LATCH primitive "mux41:Mux_T2|Op[15]" is permanently enabled File: D:/IITB/Semester_4/EE309/Project_309/Datapath/mux41.vhd Line: 18
Warning (14026): LATCH primitive "mux41_3:Mux_RF_A1|Op[0]" is permanently enabled File: D:/IITB/Semester_4/EE309/Project_309/Datapath/mux41_3.vhd Line: 18
Warning (14026): LATCH primitive "mux41_3:Mux_RF_A1|Op[1]" is permanently enabled File: D:/IITB/Semester_4/EE309/Project_309/Datapath/mux41_3.vhd Line: 18
Warning (14026): LATCH primitive "mux41_3:Mux_RF_A1|Op[2]" is permanently enabled File: D:/IITB/Semester_4/EE309/Project_309/Datapath/mux41_3.vhd Line: 18
Warning (13012): Latch alu:ALU_1|carry has unsafe behavior File: D:/IITB/Semester_4/EE309/Project_309/Datapath/alu.vhd Line: 11
    Warning (13013): Ports D and ENA on the latch are fed by the same signal select_ALU[0] File: D:/IITB/Semester_4/EE309/Project_309/Datapath/datapath.vhd Line: 10
Warning (13012): Latch alu:ALU_1|zero has unsafe behavior File: D:/IITB/Semester_4/EE309/Project_309/Datapath/alu.vhd Line: 12
    Warning (13013): Ports D and ENA on the latch are fed by the same signal select_ALU[0] File: D:/IITB/Semester_4/EE309/Project_309/Datapath/datapath.vhd Line: 10
Warning (13012): Latch alu:ALU_1|Op[1] has unsafe behavior File: D:/IITB/Semester_4/EE309/Project_309/Datapath/alu.vhd Line: 33
    Warning (13013): Ports D and ENA on the latch are fed by the same signal select_ALU[0] File: D:/IITB/Semester_4/EE309/Project_309/Datapath/datapath.vhd Line: 10
Warning (13012): Latch alu:ALU_1|Op[0] has unsafe behavior File: D:/IITB/Semester_4/EE309/Project_309/Datapath/alu.vhd Line: 33
    Warning (13013): Ports D and ENA on the latch are fed by the same signal select_ALU[0] File: D:/IITB/Semester_4/EE309/Project_309/Datapath/datapath.vhd Line: 10
Warning (13012): Latch alu:ALU_1|Op[2] has unsafe behavior File: D:/IITB/Semester_4/EE309/Project_309/Datapath/alu.vhd Line: 33
    Warning (13013): Ports D and ENA on the latch are fed by the same signal select_ALU[0] File: D:/IITB/Semester_4/EE309/Project_309/Datapath/datapath.vhd Line: 10
Warning (13012): Latch alu:ALU_1|Op[3] has unsafe behavior File: D:/IITB/Semester_4/EE309/Project_309/Datapath/alu.vhd Line: 33
    Warning (13013): Ports D and ENA on the latch are fed by the same signal select_ALU[0] File: D:/IITB/Semester_4/EE309/Project_309/Datapath/datapath.vhd Line: 10
Warning (13012): Latch alu:ALU_1|Op[5] has unsafe behavior File: D:/IITB/Semester_4/EE309/Project_309/Datapath/alu.vhd Line: 33
    Warning (13013): Ports D and ENA on the latch are fed by the same signal select_ALU[0] File: D:/IITB/Semester_4/EE309/Project_309/Datapath/datapath.vhd Line: 10
Warning (13012): Latch alu:ALU_1|Op[4] has unsafe behavior File: D:/IITB/Semester_4/EE309/Project_309/Datapath/alu.vhd Line: 33
    Warning (13013): Ports D and ENA on the latch are fed by the same signal select_ALU[0] File: D:/IITB/Semester_4/EE309/Project_309/Datapath/datapath.vhd Line: 10
Warning (13012): Latch alu:ALU_1|Op[6] has unsafe behavior File: D:/IITB/Semester_4/EE309/Project_309/Datapath/alu.vhd Line: 33
    Warning (13013): Ports D and ENA on the latch are fed by the same signal select_ALU[0] File: D:/IITB/Semester_4/EE309/Project_309/Datapath/datapath.vhd Line: 10
Warning (13012): Latch alu:ALU_1|Op[7] has unsafe behavior File: D:/IITB/Semester_4/EE309/Project_309/Datapath/alu.vhd Line: 33
    Warning (13013): Ports D and ENA on the latch are fed by the same signal select_ALU[0] File: D:/IITB/Semester_4/EE309/Project_309/Datapath/datapath.vhd Line: 10
Warning (13012): Latch alu:ALU_1|Op[8] has unsafe behavior File: D:/IITB/Semester_4/EE309/Project_309/Datapath/alu.vhd Line: 33
    Warning (13013): Ports D and ENA on the latch are fed by the same signal select_ALU[0] File: D:/IITB/Semester_4/EE309/Project_309/Datapath/datapath.vhd Line: 10
Warning (13012): Latch alu:ALU_1|Op[9] has unsafe behavior File: D:/IITB/Semester_4/EE309/Project_309/Datapath/alu.vhd Line: 33
    Warning (13013): Ports D and ENA on the latch are fed by the same signal select_ALU[0] File: D:/IITB/Semester_4/EE309/Project_309/Datapath/datapath.vhd Line: 10
Warning (13012): Latch alu:ALU_1|Op[10] has unsafe behavior File: D:/IITB/Semester_4/EE309/Project_309/Datapath/alu.vhd Line: 33
    Warning (13013): Ports D and ENA on the latch are fed by the same signal select_ALU[0] File: D:/IITB/Semester_4/EE309/Project_309/Datapath/datapath.vhd Line: 10
Warning (13012): Latch alu:ALU_1|Op[11] has unsafe behavior File: D:/IITB/Semester_4/EE309/Project_309/Datapath/alu.vhd Line: 33
    Warning (13013): Ports D and ENA on the latch are fed by the same signal select_ALU[0] File: D:/IITB/Semester_4/EE309/Project_309/Datapath/datapath.vhd Line: 10
Warning (13012): Latch alu:ALU_1|Op[12] has unsafe behavior File: D:/IITB/Semester_4/EE309/Project_309/Datapath/alu.vhd Line: 33
    Warning (13013): Ports D and ENA on the latch are fed by the same signal select_ALU[0] File: D:/IITB/Semester_4/EE309/Project_309/Datapath/datapath.vhd Line: 10
Warning (13012): Latch alu:ALU_1|Op[13] has unsafe behavior File: D:/IITB/Semester_4/EE309/Project_309/Datapath/alu.vhd Line: 33
    Warning (13013): Ports D and ENA on the latch are fed by the same signal select_ALU[0] File: D:/IITB/Semester_4/EE309/Project_309/Datapath/datapath.vhd Line: 10
Warning (13012): Latch alu:ALU_1|Op[14] has unsafe behavior File: D:/IITB/Semester_4/EE309/Project_309/Datapath/alu.vhd Line: 33
    Warning (13013): Ports D and ENA on the latch are fed by the same signal select_ALU[0] File: D:/IITB/Semester_4/EE309/Project_309/Datapath/datapath.vhd Line: 10
Warning (13012): Latch alu:ALU_1|Op[15] has unsafe behavior File: D:/IITB/Semester_4/EE309/Project_309/Datapath/alu.vhd Line: 33
    Warning (13013): Ports D and ENA on the latch are fed by the same signal select_ALU[0] File: D:/IITB/Semester_4/EE309/Project_309/Datapath/datapath.vhd Line: 10
Info (21057): Implemented 2477 device resources after synthesis - the final resource count might be different
    Info (21058): Implemented 32 input pins
    Info (21059): Implemented 18 output pins
    Info (21061): Implemented 2427 logic cells
Info: Quartus Prime Analysis & Synthesis was successful. 0 errors, 85 warnings
    Info: Peak virtual memory: 4767 megabytes
    Info: Processing ended: Sat Apr 16 21:33:47 2022
    Info: Elapsed time: 00:00:09
    Info: Total CPU time (on all processors): 00:00:19


